1 216 265 28
2 2 45 230 167
3 0 32 196
4 241 242 180
5 217 155 116
6 296 282 250
7 168 214 223
8 244 54 292
9 34 20 174
10 108 29 255
11 146 85 55
12 264 275 284
13 40 78 87
14 41 106 102
15 184 51 204
16 266 172 164
17 249 222 31
18 128 99 238
19 202 115 212
20 121 145 110
21 88 185 104
22 75 228 271
23 103 141 239
24 80 152 157
25 72 182 14
26 8 280 50
27 4 142 68
28 82 67 7
29 289 122 294
30 43 148 268
31 64 12 134
32 192 162 26
33 207 259 215
34 209 17 159
35 59 286 254
36 71 246 295
37 299 100 111
38 66 3 203
39 24 154 158
40 243 133 251
41 288 210 236
42 176 86 62
43 161 252 191
44 11 30 127
45 297 13 253
46 258 260 206
47 256 276 61
48 136 170 47
49 120 27 220
50 272 89 92
51 117 126 95
52 58 163 262
53 160 137 97
54 290 298 279
55 229 227 197
56 193 177 143
57 23 37 15
58 218 195 231
59 240 273 237
60 233 150 22
61 90 285 69
62 73 225 46
63 1 107 190
64 74 140 135
65 144 194 114
66 56 186 109
67 105 123 147
68 18 6 270
69 171 269 94
70 48 187 189
71 178 42 263
72 76 293 38
73 173 70 63
74 208 283 125
75 81 274 156
76 49 261 101
77 10 60 151
78 200 131 52
79 57 153 93
80 9 19 119
81 211 198 287
82 5 213 247
83 25 267 84
84 235 44 278
85 129 77 118
86 257 83 79
87 201 245 149
88 226 98
89 138 21 165
90 113 139 132
91 224 205
92 91 219
93 232 169 291
94 16 166
95 96 35
96 199 188 183
97 130 124 39
98 53 181
99 248 277 175
100 112 281
