1 4869 1678 2575 8081 9880 6811 3879 2473 6443 6188 3501 5295 3506 5171 8633 6971 2621 1469 3919 345 8286 7399 2538 5995 5099 7030 3710
2 3584 4225 2059 11 9741 8206 9236 3989 1565 6431 6945 1315 7590 553 1964 6451 1470 2116 6086 724 9443 6632 2031 112 632 3197 6655
3 9356 5136 7573 7062 4768 3108 4403 2356 4919 5691 8894 9791 3575 5457 9813 5851 4708 8166 9074 6134 4215 5496 4730 8058 507 5373
4 3936 9344 1928 8713 6378 5483 2889 1737 2350 1577 9913 503 6425
5 9952 9185 356 7781 7462 4936 2569 7050 9643 5387 303 7250 3413 5530 7355 1916 2205
6 1026 1828 7367 201 364 6189 1807 496 1489 5941 7254 1335 3935 4155 2239
7 8194 6278 4232 264 9114 1711 7741 1214 8126 1859 9158 4297 7757 601 1883 8809 2793 6124 9838 2417 8310 5500
8 4357 9733 9992 3211 7692 9101 5518 2963 8221 6816 8737 5160 4009 6703 7856 950 5176 6466 2631 1351 9672 2894 5456 7635 3798 5594 2395 7900 351 5862 6003
9 2566 5899 2206 5921 5797 559 8115 1846 9783 7101 3902 9663 6856 7625 2125 8014 80 1233 4435 7512 3800 7023 8438 6523 5630
10 5632 9761 5954 7362 3044 3145 7466 9994 8140 6253 7273 6031 9394 5527 2461 8446
11 7682 3077 10 5386 7443 9112 1436 8093 446 4673 5698 1611 3150 2003 4822 88 2264 8283 7775 2403 7140 7275 5107 116 894
12 2433 9592 8969 521 5516 2324 5781 9368 158 3360 4020 5556 3893 9917 832 1091 9412 5959 75 8272 3927 1506 6244 745 6002 2680 2431
13 2240 4228 4329 8876 1197 2958 9933 4433 7956 4343 378 9627 5948 3231
14 5122 7944 7177 8584 1169 916 6806 2584 1309 6562 5155 9892 6570 1835 175 9779 5175 5967 209 1361 2002 84 4693 3166 1508 625 4341 9079 3961 3582
15 5440 3875 2150 1416 106 3086 2640 752 658 6422 7768 2937 5853 511
16 9312 7677 6626 4006 9769 714 141 7053 3023 2672 9170 5971 9045 8085 2519 6586 9527
17 9729 7560 2826 8859 8863 7584 7847 9255 2345 1199 6069 7997 4938 4939 4956 4960 7137 5861 6247 7016 7400 619 4845 4078 1406
18 2048 6282 6412 3597 1429 5912 3622 5425 4914 4917 9784 3393 453 4294 2248 4173 1487 5328 1371 4828 7786 5618 5363 2036 1783 9463 9598
19 1186 9124 8773 5163 7340 750 8661 6142 6169 5786 6105 1789 4574
20 3034 6403 1381 1575 3337 6064 5360 4402 471 9367 6296 5882 9149
21 1 7013 4646
22 2820 1032 2571 2956 2066 4628 2069 7958 279 4890 545 1446 3385 4423 1096 3147 5323 1362 9557 2151 5356 6510 8431 2299
23 7810 130 9229 2959 661 8871 4008 7592 9258 6267 5549 2867 693 8523 9678 337 3545 8415 6754 2916 9318 6125 3183 3952 3057 8693 1915
24 2432 7820 2195 7711 4000 8995 1830 816 7473 8498 7098 3519 2757 2511 5843 596 6744 1263 9839
25 4900 1414 3878 7656 9705 7630 4655 1713 6675 9495 4411 4094
26 6662 6283 6043 808 9142 8646 4422 5705 4044 462 5970 9298 723 7384 7642 2143 1762 5350 2407 7658 6894 1395 3453 4863
27 517 9481 6794 1289 659 6932 6566 2731 6829 6960 9651 8892 8125 9671 6346 1618 5210 7403 8175 751 9333 4088 893
28 3205 2201 1178 6427 2721 5282 7591 2091 6832 688 305 9780 8281 8027 2141 9441 3563 7148 2156
29 3296 8484 9393 5687 7804 6910
30 8772 1159 2537 3821 1013 3253 1529
31 9730 9987 3469 4624 4240 914 2708 5525 3222 534 6938 8094 8996 935 4012 9135 7735 9529 187 8124 4030 1492 4190 9958 6899 3446
32 9634 8290 5799 9231 3760 9011 628 2135 8575
33 1415 2191 5009 5144 1434 9122 4260 5158 1071 9264 6589 8637 1215 8002 1987 6855 3659 5327 1363 9943 3933 6505 5868 3831 7422 2175
34 5888 3456 9602 1797 5765 1045 3869 5925 682 8241 691 6847 194 5570 5451 1099 6098 1235 6104 7386 862 2399 4448 8302 2552 9466 3323
35 5793 4898 419 4196 3813 2242 9989 3624 1209 9578 2027 1228 6578 2707 7447 3193 8634
36 5641 1676 6670 527 274 2451 6054 9895 6200 9402 6459 1340 449 2373 72 588 6491 1505 4067 9702 4840 9835 8182 6393 1659
37 4707 4360 8712 3917 9807 3696 9009 7378 9843 6547 7159 7992 9019 9756
38 4256 8548 2053 422 3245 4686 9042 2930 7965
39 4739 3595 4749 8464 3217 4245 5400 2713 2202 6042 3100 6691 3495 3888 7475 9652 8628 3383 6330 2365 3775 9425 3031 983 9442 1639 3049 4084 7547 8316 7421
40 3333 4102 7175 8973 2705 8339 7449 7578 2717 2335 5153 2599 1066 7858 7871 4672 4684 4567 6619 8672 2534 4201 9073 1781 2039
41 4709 199 4935 4839 5226 7627 3308 1166 7791 1873 753 2290 567 4282 2972
42 8291 4003 3847 9864 8009 4300 1870 819 403 1140 6838 7928 6907 9151
43 4838 3590 1992 4365 8595 8020 5621 1046 3387 1564
44 8196 3979 8976 8977 787 6293 666 5022 7838 7463 9522 9794 6083 4549 582 9801 8779 1750 8160 7397 1895
45 960 1697 3752 4362 4011 591 4943 5331 3156 2965 9332 2712 6489 6299 7612 6557
46 2178 771 6540 2701 8338 1176 4895 7967 417 9125 7596 4398 9008 8627 5430 9786 3133 9406 8511 8640 6719 1862 6471 838 1493 725 9946 2010 4575 7266 866 5992 4853 885 5627
47 8065 1033 909 9363 789 6295 9498 7837 544 7845 934 2217 7595 8236 5803 7609 8516 2885 5956 3401 8777 8911 7260 5216 2147 6503 9707 2285 8944 6781
48 7056 5392 9490 7442 1170 4246 4635 2851 5422 4014 6320 5809 564 4924 2622 6730 9177 6749 2924 4460 1647 5236 2037 7162 253 6014 6783
49 7168 7687 3721 5007 3601 4498 2962 8984 5792 7201 6181 7205 7086 9026 8258 7875 2246 1745 4952 2137 2144 9313 9962 6130 8818 2934 3320 5503
50 5315 8292 7940 9995 7948 2638 3934 630 4254
51 6371 9603 9704 4617 905 104 3629 9902 4175 5775 8723 6008 1853 3358
52 5856 5221 5830 9735 1227 4685 3341 7697 565 5045 4314 5018
53 9464 5907 4377 4642 5671 680 8233 1461 5433 1092 7497 2890 8780 3918 3027 3283 6741 2396 6628 494 1655 4600 8829
54 2817 4482 7939 5764 5259 8720 8729 6690 6053 1703 5681 1587 8378 4667 444 5569 8004 9420 4309 8664 1116 477 6880 3808 4974 1650 2549 895
55 5140 7454 9890 7971 5287 6575 4016 5426 2995 8763 320 1477 8149 4316 2920 114 7798 6391 892
56 8513 6243 5828 552 169 1067 4525 595 7000 1557 2742 2296 3420 5405
57 8736 2328 8066 9253 7942 1002 8111 8151 1560 1242 2331 8284
58 1218 2695 7210 3531 9804 2475 5740 6927 1519 4593 2355 6067 4182 5206 3225 3228
59 3714 5635 5893 3717 6791 6416 6033 1814 3481 1187 6948 5299 2611 3773 5187 5575 7883 9428 5847 7910 1384 7785 1897 8555 5620 3326
60 3091 1686 543 2723 3498 42 172 5167 7216 4532 3257 1337 9661 189 8904 6351 8785 8786 7507 9182 2913 3556 1515 4975 7029 9206 8823 8697
61 3972 5636 9094 9488 9249 1443 6184 3240 5427 568 7868 2493 7870 7232 9413 1224 6611 3194 3196
62 1027 8965 677 7500 3282 5815 2392
63 8609 7109 8682 6987 8300 8748 9868 5329 8274 7282 8051 4979 9302 1982 5306 542
64 7360 481 2244 2949 5036 9613 2126 3823 4528 7729 6001 4984 2425 9883
65 384 4866 4488 2447 7060 5397 5270 4889 7068 3997 286 7455 8744 6079 5185 3142 6347 4942 8015 8277 5335 8416 3557 6504 9712 4990
66 2722 9980 967 7816 3082 3036 8366 3311 2992 3580 3602 5878 1654 730 8571 1692 191
67 1154 1543 9991 6797 3214 3484 1325 3266 8409 988 1249 3682 4454 9961 6892 368 1265 3959 1402 3579
68 5890 7434 6539 3470 4372 8725 1818 8992 7594 9645 4397 4152 2234 5692 7616 5061 4807 7114 1355 5074 9300 1757 5100 5742 2676 3452 9085
69 6528 5223 5929 9929 6827 6252 717 6554 1457 9554 5587 7796 8244 4950 379 2074 4219 6653
70 4353 7431 8459 4761 3867 8991 2979 163 8749 4786 6072 9785 2500 9417 7886 9681 4436 474 4191 5986 6883 5870 4852 7672 6909
71 7169 6017 6669 143 6163 9748 1943 6298 9247 2336 6059 2351 8632 3771 9150 4547 2893 719 1504 1896 8317
72 2465 2051 9923 1221 6213 9288 1674 3466 7564 4657 1106 5713 4724 4471 5211 9820 4701
73 4992 7683 5260 5396 9237 919 1175 6681 7209 1321 5037 7602 9012 441 9275 6726 4302 1615 4688 7257 6624 7531 3949 7918 2420 2166 9976
74 3852 6034 9366 4379 3122 6325 1732 1736 7636 2907 9437 355 6884 8807 9959 8297 3178 9710 1266 3829 3063 3833
75 6786 2179 1036 3213 5905 5778 8214 3607 5789 3490 9900 1203 9268 9400 7100 2882 6859 5069 1239 1370 347 3294 238 497 886
76 128 5123 8979 1556 4115 1704 6187 1709 9006 8885 8246 9272 9665 1346 9809 338 2515 4438 3544 3546 5083 3803 9065 1132 5612 7024 5497
77 2945 2760 4138 7755 9228 7566 3005 5023 4087 6164 1748 9847 2072 5690 284 4029 2652
78 578 2468 996 7396 2021 2342 1769 8843 8878 8846 6480 9713 243 3221 727 8792 183 6426
79 1537 418 3236 7174 5961 1260 4301 7153 2230 1942 9752 1016 7548
80 9666 9927 4877 2735 3536 3348 2807
81 4453 3782 3468 8974 6415 5233 1874 7570 6708 1078 9084 7773
82 288 5761 4514 4964 2308 7429 4486 3291 9232 2233 1307
83 4738 6532 5142 2455 6553 930 7730 318 9537 5832 208 3292 1246 7657 9455 4208 3577 3581 4478 2687
84 7695 8471 5920 2981 3243 6837 3906 9547 3404 8525 6862 335 4187 7517 733 7654 1385 1517 7406 1396 4090 1660 4221 2942
85 1860 3494 8550 4744 7337 9800 4136 1743 6705 3442 8562 8500 7508 6803 1177 348 93 9630
86 1945 6447 7728 2479 2358 9399 5693 4414 8133 1480 4561 83 6617 5722 9055 8546 5730 7908 5234 3324 8573
87 7172 4487 7823 9877 793 9884 672 2215 7080 3247 8623 7987 5428 2613 1075 1974 3768 5186 4163 709 9414 1223 9166 3542 859 4193 4581 3572 7545 1786 2045 7038 7807
88 9090 1424 1944 283 6308 1189 6822 8242 2228 3130 3137 2497 202 7246 2642 8164 9450 7665 6268
89 4706 9475 2216 1995 4494 5838 174 3636 9044 982
90 3840 4868 528 6290 5540 549 6692 8615 2729 6697 1211 2749 6849 5835 4817 611 1891 7659 4344
91 6406 8583 6026 3083 9619 277 7063 2715 8988 3613 7457 9893 9386 1323 8368 4792 3517 3007 78 1232 9682 3290 8930 5219 6885 5993 7920 4465 5114 3966
92 1305 7368 4205 4981 1591 2297 3709 863
93 4608 8457 413 1459 6707 6709 2101 8756 1729 4675 8387 6740 3419 9563 2014 4065 8172 2546 1908 6773 7419 765
94 9152 5091 9575 3976 6485 6263 9144 2041
95 9346 1675 17 6429 2975 9381 1957 7979 9016 4028 5192 4171 2891 1886 1518 8181 7287 2553 6652
96 225 802 5417 4588 3055 7760 7380 9972 7638 8024 9181 1182
97 1920 2560 5633 133 3854 1167 1937 5017 3361 6698 9002 2105 4544 6850 4931 1097 3276 6102 6106 7650 4322 2792 3561 7792 3186 1400 6524
98 5028 1861 3658 9293 3119 4601 8794 3708 8605
99 513 4101 5263 8208 4376 9370 5918 4777 9003 7341 8761 3131 2619 8266 3278 3411 2644 5218 2274 3175 8299 7661 5103 2805 4858 8061 4607
100 917 3862 5286 1324 3884 9647 1970 5564 2247 2261 1110 6238 8032 1257 3179 1773 9848 8955 2174
101 4233 5139 6552 6680 3232 6947 550 8872 6318 8505 7492 4429 4571 4188 2015 5472 4330 9836 3827
102 3203 4742 4117 5783 7972 4007 177 5050 8901 7629 3921 2513 5466 6502 4327 7142 5998 2160 5757
103 3843 4387 1412 6438 9287 5064 1643 5453 975 6804 5301 7448 2362 700 7805 1503
104 1863 423 5903 8783 369 2422 6711 9562 5660 8445
105 779 6930 3730 8469 7192 28 2601 2607 9903 1977 2874 7108 8518 5958 3157 7894 8540 9821 227 1388 7157 126
106 2626 1273 8968 7402 7211 9453 3409 3666 2868 7479 7033 6942 5279
107 7425 6029 1431 7195 8731 1308 800 3885 5808 180 8782 9817 2781 2279 8551 5097 874 8042 6639
108 5120 6689 8192 1251 4999 6314 4334 9040 19 6548 3223 6233 2459 9885
109 293 1382 5963 8651 5038 9615 9872 3568 9683 9107 8890 9211 2590 2111
110 7456 6338 35 5189 4063 7688 4969 9514 9674 9037 7984 9143 7415 7864 7514 7167 9468 6463
111 256 4873 3593 4369 7196 8478 2720 3625 4907 9416 970 9167 6483 2523 3805 5728 865 8422 6762 4472
112 3076 5916 9894 8624 6066 7860 7861 7238 3277 9551 4954 7644 738 1890 1637 2413 8558 1906 4467
113 5284 3655 4492 9485 3090 9267 4757 476
114 6281 1292 8462 5906 7835 8476 5149 3616 7974 4266 6316 5166 3504 9649 6584 2232 4674 9926 4806 1352 713 2506 6728 1996 2898 6620 3165 7392 1256 2415 370 3574
115 6277 9222 4114 664 7710 8869 2857 5033 1836 8497 9401 9410 5965 4558 2921 9322 8553 4980 6139
116 2177 4619 9355 6672 5523 3736 4123 5532 4512 3489 7843 7331 3366 5934 9654 1850 7234 7754 3024 8915 4821 2140 8932 4978 2294 3963
117 3970 1671 4104 2700 3599 5777 146 4244 8855 8356 4524 3256 6329 830 9407 9556 8534 223 97 359 9195 8691 6901 9205 4727
118 4070 615 8108 5517 3022 3249 4024 6815
119 2018 7684 3720 5195 8972 8557 1486 2639 5807 6936 1843 7765 7927 5656 9754 6077 7070
120 9636 4679 2809 5116 1855
121 896 6784 3461 4875 4235 656 6048 9378 8229 6081 2498 5445 1605 3909 581 6854 9165 5076 7405 4209
122 5377 5701 3209 8176 1105 3793 6259 7125 7613
123 5250 7314 7198 9251 3756 1329 4407 701 4925 2883 1881 9308 7774 479 6372 3944 4464 8305 3956 1397
124 9480 3336 9738 6543 27 9244 1311 9375 2042 3496 4265 5930 434 7224 9662 9054 3552 3817 2923 2155 7150 5626 6525 6654
125 9351 6155 397 3735 2595 164 9509 952 9405 2383 5073 9305 985 7267 4198 3818 3820 367 6387 1011 8180 7674 6012
126 774 9224 2188 7321 5914 4771 165 6055 5680 6205 9935 1103 1624 1753 4059 1500 3169 3431 9832 4074 6129 7546 8059
127 8197 2565 6157 404 9751 2969 4787 6976 3524 9924 9805 3534 4830 3806 5858 6116 742 7528 6379 1138 7414 6270 9471
128 7556 5285 5576 2346 5324 1100 4751 8630 856 4857 8188 5087
129 9798 1867 5079 8088 6745 8255
130 3915 5710 657 8434 7762 7764 4758 8155 4796 2558 5727
131 1056 4930 613 9445 5479 6120 6225 4819 2612 4022 311 8793 9948 8254
132 3539 6381 8711
133 5473 8963 8099 2917 5478 3016 2954 7277 1741 2927 5520 4595 6197 1113 6138 732 5981 2495
134 1858 323 7844 7336 137 6706 9173 7325
135 8800 1121 7398 135 6472 7534 7599 5053 4146 51 6388 7957 8348 7453 3006
136 769 4351 3846 8076 6168 9628 2077 290 2471 3753 3757 6061 1072 4933 3657 5194 2765 847 5589 87 4449 102 7276 6768 120 7417 3450 7675 1407
137 7776 7105 573 7332 9925 3750 9030 519 4170 812 7408 4468 54 5850 7003 7293
138 1760 1571 6949 7464 3208 4810 7854 2769 4404 5717 5754 3068
139 3072 2443 8465 5650 2841 668 1960 2739 7226 442 1851 571 322 8909 7247 7890 2771 1108 2901 2661 5349 4071 1512 2023 3946 9321 1383 8814 8687
140 7170 3365 1447 6377 606 6091 8011 2733 6030 8347 3953 6738 3379 9115 574 799
141 8708 8326 3527 7113 1451 8655 5810 7667 5877 1206 6679 2744 6037 3865 6232 2524 6495
142 1930 2445 2957 1294 5526 8857 4251 9640 5559 2501 7879 2250 6742 3549 2142 1631 2406 1391 7156 1910
143 262 5640 5001 9226 1194 5804 947 1460 4154 2368 9027 7499 3161 9694 7009 3045 8173 2035 5372
144 483 8071 2120 5643 109 1776 9397 3864 4153 8574
145 4355 873 7790 1911 7440 1784 3573 6583 3416 151 8477
146 4833 3307 3596 9743 2323 7255 5982
147 6663 8970 907 1804 5012 2580 4501 2711 8499 8757 3639 823 8643 4039 7244 6094 2386 7510 728 6369 3554 5609 5227 2931 5747 6389 8565 6904 1534
148 1632 160 8227 3876 4773 6256 5235 5940 407 7736
149 9862 5639 7690 3992 7197 8734 2467 2600 5032 938 426 5300 953 9919 577 8522 8652 8270 9297 5844 986 1754 3815 5615 6896 5369
150 9409 6529 642 1146 6972 5736 7852 8588 7483 7706 8531 4405 9688 9274 827 7324 1885
151 1541 9127 6921 6765 8334 5393 3474 1555 1685 8950 3098 3421 8766 4415
152 8072 649 4745 8590 3215 655 5010 7961 2842 9502 5675 6957 6324 9657 4031 4033 7750 4937 7385 4442 9050 7134 3167 608 4462 8688 9457 7028 7286 8443
153 8545 4867 560 4784 7506 563 115 1428 339 2935 2040 6394 509 7103
154 8203 5645 4237 6799 2706 2589 34 1445 5927 3115 7212 9262 1710 7726 1201 1073 1604 6985 5707 9679 9424 3548 2655 3300 9324 1904 3314 7538 4340 7670 1017 6395
155 768 1634 7746 7909 105 5289 9611 5614 463 9881 6580 8533 8953 8502 4086 1625 7102
156 5004 9106 9631 9641 2089 2603 8491 8243 5684 7231 7361 1756 2654 5860 8811 6645 1525 3067 9213
157 4878 1936 7698 918 5275 6940 4636 1693 2462 159 6306 8361 3881 44 9134 8758 7480 3908 584 5704 3662 2256 3804 5729 997 3430
158 5217 162 6020 7653 8670 9032 1065 3376 8912 2001 8759 4953 2334 5823
159 7328 7779 6916 3463 8489 3181 6830 6226 9914 6974
160 1792 1281 6530 132 4252 4893 9888 8357 4912 5308 5695 69 1222 2374 7498 715 7626 206 8029 7006 8287 6240 3937 2275 3303 9456 4856 3451
161 5380 4756 8852 6807 8601 5664 821 4406 5561 1723 703 7365 4555 6354 6355 3670 90 8668 7263 4064 7014 9965 7917 5741 7022 3826 2932 4216 761
162 2316 4621 5774 7185 7576 4121 4382 1320 556 4910 8496 8379 4923 3398 1609 4681 1612 718 6612 9303 5849 2527 1259 2028 878 9844 8437 8568 2555
163 9664 3171 7652 5991 9352 1063 2061 6286 8781 6640 5522 9108 2488 8474 9082
164 7428 5 5385 4110 3479 6050 7587 2424 4389 6826 173 4271 6962 6712 3001 7614 5568 853 2649 7898 2779 2398 5086 9571 228 9062 875 7152 4594 6776 9725 3967
165 4480 395 6802 531 9235 8470 5015 2968 4505 5541 40 1584 5042 8638 5574 5709 6995 726 4566 9174 4058 2522 2139 2526 3807 6497 8419 4195 871 7788 7541
166 5766 4618 8719 1838 6964 3897 1083 4932 6852 8005 2763 2900 7777 6498 6755 3174 4585 4720 8447
167 8832 9576 846 7922 6199 1880 7929 956
168 1152 1798 9096 7561 2699 2320 7828 8599 6682 8732 7966 3109 3372 5298 833 8902 9931 977 9685 2517 3293 6751 9587 9590 2551 3454
169 7819 6414 7694 3089 152 1438 6304 3105 551 5035 6778 1719 8889 3653 5196 470 3939 5987 233 7401 3058 7926 3065 6010
170 3511 9572 7686 71 9163 4430 6383 2384 1520 500 5943 5367 798
171 6049 8967 4855 9197 9046 1975 2489 7194 4671
172 8576 4227 7435 654 7567 273 5524 7319 4764 168 1069 3889 5043 6075 8659 1109 7383 4699 9566 3680 2282 3187 121
173 9347 6025 7308 5904 9364 8212 6809 282 6174 3368 6831 7608 2875 6596 5957 7237 2635 7628 5068 7120 6866 2647 8288 6382 2543 1007 6513 8053 3195 7932
174 1540 4997 4872 8845 7569 9618 6292 3354 6775 8105 9138 9907 8905 8914 473 5467 860 7651 1253 9319 4202 4587 9325 6135 4345 7931
175 510 6289 785 8473 1433 2466 7203 7970 312 696 1596 3776 9285 2632 5070 6239 7007 7907 5732 8938 8045 3444 4988 6398 3839
176 9088 2183 5769 393 3340 269 6798 4368 7186 1299 4503 665 6171 37 8743 8248 5699 7493 7505 2004 2903 9179 5603 7912 5355 2670 2803 6004 2295
177 2977 8034 9795 546 5089 1283 839 4775 6313 744 1630 4270 5135 943 9140 4378 1790 9023
178 8259 5955 9515 4335 1695 8895 5779 4948 4664 4184 3038 7679
179 6688 5480 9323 4306 850 3540 8598 4381 8703
180 6145 2562 1155 7302 6409 2186 5021 9118 1441 931 5796 5801 7978 2352 2738 4021 7351 6201 2108 6206 4034 1608 2766 2255 2388 5462 8799 2146 5490 1523 117 1914
181 9856 2149 8006 1319 6182 7913 6951 8041 6478 8017 3538 5528 5177 7450 8318
182 6695 2092 817 1142 3767 1399
183 7040 3201 6404 7559 9225 4493 9102 6928 9239 4385 7715 9899 1326 4533 7094 4921 1338 5049 3010 8293 1765 4714 620 4089 8444 8190
184 6024 1417 1800 5006 3855 6808 4770 4518 7207 2987 4658 8767 9028 8262 2761 6103 1240 3675 6374 8294 4712 6758 1126 7916 6511 242 884 7806
185 9920 9763 4874 3371 9261 5873 2258 593 5562 6651
186 5409 9444 8421 8614 8329 5484 5358 3790 2933 3510 6326 8247 7061 5437 285 2846
187 4128 2343 5703 5191 5258 9675 7020 5115 8207 6769 8881 4082 3701 2967 2171 4572 1310
188 129 6119 2119 4169 1994 1161 1708 8303 3317 6198 8856 7320
189 6400 4864 1449 1578 9449 7851 1421 784 4017 5553 9462 9017 5438 5119
190 4001 5090 8679 4521 6793 5419 1551 6162 4307 245 631 7993 9594 1755 2751
191 4100 8585 2192 8603 5542 3758 2482 2999 7999 3924 6871 6873 7258 6622 1119 3173 2797 6000 3440 7411 7285 375 4349
192 1924 2825 4489 6154 6156 1040 9489 1682 6420 6423 3482 3099 1822 9248 8739 3505 7607 3772 2369 1484 9056 3177 1387 3182 7407 6643 5879
193 7329 354 387 5700 9254 9543 9388 1005 4366 7693 4814 4113 8788 9076 8791 4280 4095
194 9217 9218 5514 2063 2832 2835 1435 8225 292 8485 8237 1839 4148 569 3399 7241 4940 7373 7891 6618 222 2789 877 2545 1270 9722
195 6178 2082 9550 1968 81 3509 409 1626 6779 1946
196 3747 3395 8933 3555 9607 1803 9740 1810 4019 3159 6231 4279 9341
197 7969 6117 558 5454 1135 3600 7095 149 5558 2615 9819 6396 5085 2719
198 3873 4068 5383 4234 7853 5840 3578 6360 8153 698 9436 9822
199 4515 3623 1051 3594 8458 1869 7759 5424 8146 5622 1339 6301 2270
200 6790 8842 663 4894 2207 6430 2081 7855 179 7988 7738 3651 968 973 216 1375 9183 2401 6499 2404 8038 624 6897 6898
201 7364 8868 457 7370 1738 7180 6893 4206 2795 1648 9201 7122 147 9718 920 7034 1661 8990
202 2563 6150 6413 8077 3216 2198 8998 3751 6446 4913 2484 9531 9148 4804 9799 4427 7895 4698 3423 1889 1122 9059 6638
203 1030 276 533 5274 5031 1475 6339 1102 7381 5975 987 7646 7262 4583 1255 1130 7535 9330 2559
204 9219 134 6541 2325 4767 1568 4645 3621 1455 9392 945 561 3397 5968 9190 2539 2159 9978 4733
205 8200 7689 1034 6419 2844 3362 1317 3882 6071 3640 5052 3904 961 4565 8924 9315 7919 7930 9982
206 3200 3968 3716 7832 4762 6555 8987 1181 9379 38 6183 4651 9524 1076 9408 9282 3011 7889 8918 3684 4837 6886 5989 9070 3822 372 2292 1012 6006 7288 8052 7418
207 864 2212 7973 3722 1196 9487 7952 7377 466 8436 8600 954 8765 9535
208 3654 5607 5780 4151 984 3033
209 2702 6926 6929 2452 1941 4632 24 9113 2333 7839 3493 4781 3118 9777 1588 5181 5567 8388 8264 205 7292 1876 8536 857 6234 7135 7525 5611 1389 2291 8312 9212
210 1926 912 2834 5539 2340 4776 2869 8504 4410 7239 200 4809 4426 2634 1622 7129 7259 9696 5608 1275
211 7553 8962 7041 904 6538 7691 4108 9871 9103 7187 5016 674 547 167 1068 8117 9789 7998 1857 1990 7371 1483 6734 3541 2776 8920 8285 7904 5094 1775
212 514 5763 9093 8328 6922 8844 4253 4637 416 5933 8365 8118 7734 2107 8764 3262 1471 6084 2641 1746 4946 9812 4692 4957 8547 7012 6888 3570 6648 6777 3835 1151
213 6658 2947 5768 7699 6551 5154 3508 4150 6588 1981 6992 8018 599 5212 8031 8928 7662 1008 881 1524 1268 5493 7420 7550
214 9633 6115 4164 7139 4584 969 3789 2802 594 3191 6678 8951 4888 2486 1787 190 9790
215 7552 4356 9361 3988 3740 676 7732 64 1217 4800 4289 6090 7372 8656 3154 9947 485 7914 9963 5491 8820 8830 3455
216 4626 2578 7572 7445 6674 5909 4754 1950 2849 5668 3124 7604 6966 2487 3895 6581 4922 1220 3910 8399 4176 2650 5852 5725 1372 8567 5885
217 9320 3148 1200 1817 4250 6076 541
218 4194 388 9157 1062 7236 936 5481 9130 4843 4941 4143 4825 1628 5213 9273
219 8577 1162 9742 4627 2078 6303 6436 9001 8492 8882 2741 1595 1725 7743 6208 8644 5319 9292 2254 9553 6228 855 2787 5220 6636 5875 2548 2419 760 6137
220 3778 4834 138 622 5359 47 6868 1844 2360 5917 3646
221 8193 2187 3980 2831 5267 153 2330 1819 9116 5534 6687 803 1833 6192 1840 6704 6963 3890 439 958 4032 1864 3158 5477 5743 4210
222 640 8256 9337 4579 772 5126 2412 396 6961 8694 6230 8440 4313 2714 1913 9053 4986 3711
223 1024 3585 2050 4224 3206 1672 1171 3606 29 4137 2476 4276 7221 1717 9655 5689 3392 6211 2375 8775 3660 3661 851 8669 607 3940 124 2810 1276 7037
224 1664 801 8025 9349 9706 6988 5950 7313 3832 6297 4794 6813 9726 2079
225 5509 5384 7181 849 8306 3153 8158 2518 55 123 5214
226 1411 6756 6123 6732 5231 306 9523
227 9216 7110 9452 6356 8219 2782
228 1157 5002 7179 4747 5008 681 8234 5552 5938 3382 1208 699 6590 9283 451 3019 6487 8936 3448 5243
229 5824 3396 2532 6023 2728 4842 6666 781 6172 3695 210 8412 8466 2454 1785 9052
230 7304 780 9870 2576 8597 8854 3877 3374 7727 7620 965 964 5579 9810 8405 2775 6237 9314 739 2929 8946 6772 5109 3958 1912 2684
231 636 8199 9610 139 530 2585 5026 4396 9541 3912 3530 334 6996 8150 5590 103 8425 5482 498 9588 4346 8060
232 1888 9473 6946 8741 5511 1000 3050 3435 2060 3699 1716 9110 3102 8952 9469 350
233 2710 9372 3615 5795 8230 4135 9395 5572 4045 5712 4689 7511 5465 7515 2780 734 2272 8162 8298 4470 7933
234 4993 1538 4099 9988 645 9098 9616 2577 1681 412 6307 5288 815 3632 4272 2226 8373 8506 8900 2505 7756 3149 6609 8532 357 2536
235 8449 9605 7562 523 5913 2332 4262 7078 9512 7352 9658 5326 7119 5205 5464 1496 4441 989 3432 6637
236 776 4119 4125 6437 8367 4656 6450 2994 1463 6839 951 1468 9667 7107 7503 6999 6874 8030 2791 7015 2281 4214 7551
237 3779 7077 614 2919 5353 5420 2477 5548 8112 3345 5619 3476 7862 9975 9659 414
238 3328 8035 2344 6857 4106 8649 8851 3188 2645 5238 3990 2167 2614 2099 4159 157 3447
239 5056 5156 7558 1959 9128 4713 2986 3754 6214 4989 1079 310 3799 9081 3899 5597
240 297 4109 4973 6544 5170 1365 4920 4959
241 7490 8680 3048 6954 2347 1901 1997 7536 6227 7444 9974 8215 3769 1978 9559
242 9089 7298 7557 8837 275 8853 6814 3103 3359 7976 2348 8109 9908 4661 1590 3770 4428 6863 9041 4053 605 2785 366 2162 5366 7543 382 3583
243 8961 7043 1796 9091 9104 6934 1561 7071 1953 1827 5546 5066 3663 7631 979 85 8280 4060 5341 226 4835 2024 6126 4722 2675 6903 4217 9852 8062
244 8068 3465 2953 4620 8611 1834 2871 5694 9022 7230 7486 6082 319 4036 7494 1107 1621 3672 9435 2912 993 5602 482 5346 1004 3436 621 7793 4851 9080 4862
245 2948 5132 6671 7191 6558 9506 8747 5039 692 6969 1598 3281 7124 3686 4456 8427 876 8432 6386 6642 3060 9845 889 4092
246 6146 1413 647 3477 6166 1566 8224 1831 1580 3117 2370 1357 5072 5716 9686 6359 7518 9060 9064 2283 7794 8055 9720 8956
247 9474 1956 6757 2630 902 2504 6089 2088 8036 428 4653 3502 7021 2128 239 526 1272 957
248 7488 9825 8676 6565 6724 4520 7272 6408 332 2189 2062 2380 8848 3472 5333 9175 94
249 5475 2660 9286 267 1651 445
250 5379 7176 522 1291 3212 4497 8721 9365 7708 9503 1314 1188 4004 294 8360 2860 4141 4529 6970 1474 8268 848 4694 3418 861 5726 95 2022 8428 3693 9969 505
251 2020 358 4076 7149 4782 3567 4238 6385 6254 1360 7284 5237 502 6869 8831 5338 2427 6175
252 3394 6723 1638 8395 7147 2095 5711 7663 1010 9299 252 8407 7704 25 3192
253 2690 3079 908 6560 2850 8483 36 8390 7623 8010 5708 8653 4944 467 9941 2008 2788 4333 4473 2938 1919
254 1025 4546 7363 1668 6630 8778 9886 4048 4625 9745 213 8406 6935 2681 6490 9533 5118
255 7200 3649 6561 609 9316 7876 2494 9483 5325 8883 5113 5598
256 8325 4746 399 5271 2199 1820 9758 8104 2112 65 6399 3268 9161 7502 8784 2772 468 3030 1238 2906 3811 2790 5863 6763 9709 5106 8442 1405 7935
257 2824 8460 3725 3471 8591 2838 7960 5157 9382 5800 5679 433 697 7225 1854 2245 6858 6222 2127 4304 7121 8916 3414 6236 4711 8810 4590 4734
258 4736 8833 4107 4623 4111 4885 4630 6041 6173 46 5040 9139 2485 1620 9816 7130 3674 990 3039 7141 9574 8822
259 7840 5924 8709 8102 9591 872 7721 3132 8751 5169 5887 4023 4504 5529 4827 5756 9501 4223
260 2436 9348 8840 6920 1656 4629 5403 8621 5165 7091 6841 6333 3905 7106 2646 5976 3930 5468 6370 1125 8167 8812 6255 8049 3700 4342 2168 7549
261 5638 3081 3851 3603 3732 4116 408 8345 7066 1694 4638 2218 7982 6336 711 585 2512 2132 5980 1629 6366 9447 9846 6262 1782 4218
262 1160 9737 268 402 7446 7712 3233 8997 8750 6328 3389 5054 9279 8514 3523 5582 336 92 2397 9695 2026 4715 5104 888 8063
263 2816 1258 6028 4495 2097 8819 2778 6493 8349 5983
264 385 6469 2469 6887 1353 4970 3608 5292 5805 2190 1422 8016 4947 8056 2587 4573
265 1985 3526 2856 74 7242 7116 493 9072 4755 8342 8665 7579 3230 287
266 7812 5767 7309 8209 1174 5406 3242 5802 2093 3763 7220 9155 3783 7126 344 1368 9945 9438 4703 4704 2657 352 5088 361 2542 1392 754 6522
267 4965 7495 8537 1322 8942 5649 3475 6515 5557 7827 6905 3226 3037
268 9863 2184 8903 9930 6410 841 972 2030 7752 6846 824 7640 6457 3483 3614 63
269 8960 9985 9477 4613 8839 5512 9482 3210 2574 1297 8220 9126 2605 7342 4526 8512 1733 4168 4043 5330 3926 7520 237 4721 2034 1528
270 3334 5134 1047 5794 8742 7471 3765 2364 4035 6980 583 9162 461 9049 8033 4326 7787 6508 8945 5752
271 4097 7811 6923 5901 3353 2861 8754 2740 9911 7872 1986 2115 3786 331 3151 4816 9939 214 1373 4318 4576 1902 3951 880 4849 9335 4602 2941 2047
272 8324 196 8486 3271 6058 8204 492 2385 7633 7190 5721 1979 9209
273 5952 5441 2754 5193 3947 3025 1593 3199
274 1666 9252 3941 8358 1735 3678 720 2899 7924 9331 2197 9119 1145 4025 1049 9343
275 4358 5770 3738 538 8616 2231 5304 2499 3794 7379 1241 4443 1245 6110 353 8161 6506 5354 365 3437 2038 508 9470
276 2980 2085 9510 9579 525 5262 4093 3610 9398 9047 1882 155 7388 4829 5565
277 2696 9234 8610 6563 6056 7092 184 6718 1984 67 963 8263 8906 3018 2514 7763 9684 4831 7265 484 741 5996 6766 5745 7027 3704 3962
278 928 9824 9826 5381 9896 8620 1613 7822 3566 1168 6353 1458 3993 8699 4285 5535
279 3907 1955 7749 5670 6567 9979 7274 9842 8435 7253 3925 4696 3513 1947 6527
280 7809 1603 7555 7366 9639 8559 3092 2357 6133 4409 57
281 8354 456 6249 7354 1296 6321 5297 2579 6516 6101 6774 2617 1498 5947
282 405 9497 3485 3743 1700 2854 3759 8250 2748 6337 2303 1606 1104 854 6488 7132 2910 490 7915 9194 1774 7155 8309 118 9208 7802 9727
283 5391 3473 6673 1816 5788 2852 9516 8239 2483 4798 3135 448 4677 8013 1358 1742 3537 8021 9431 9944 3801 9697 1770 9581 244
284 4388 7461 9415 4680 8841 5994 748 4461 9932 3309 7347 9716 1269 1623 5401 7645
285 8931 8261 670 1871 7090 3894 6039 1111 5979 1342 4543
286 9478 5651 660 7193 3104 8993 7330 7345 9015 4541 3267 7747 8520 7118 4051 9687 8803 8804 2662 1768 618 5102 3828 8569 2811
287 3457 1153 3332 7047 6925 7829 4373 4511 2470 4647 2727 4523 3628 7084 1205 6710 1466 3668 5336 4824 8040 1521 9458 4596 8439 127
288 5249 2181 1927 4491 6677 6550 8728 5784 1688 1690 9245 1437 2086 1832 809 8116 826 4421 3013 7128 6747 5340 7901 8544 6500 8165 3434 3306 9966 8826 2043
289 1793 8323 478 5997 4687 1243 7164 2718
290 3426 7010 5892 8103 2123 3564 4652 843 7949 6865 1684 215 2936 9981 9950 6591
291 512 9345 8067 8592 7846 5414 1707 2223 2363 3901 5182 4926 8383 193 580 4805 5837 8401 7637 9433 2777 6625 7780 8937 7280 3443 8821 4477 1791
292 3713 7171 4236 6924 4876 6545 4248 7583 7589 4264 3377 6833 9653 5307 6204 9160 5199 3796 4055 7513 3301 5101 3053 2800 9075 6649 6526
293 897 9731 9604 7048 4631 1050 3355 5034 3244 3373 1330 4659 61 3391 6720 1216 9546 2381 9039 212 3551 2402 5864 8681 9328 1394 9973 4985 2943
294 1409 7426 6407 2567 9739 8079 271 6165 5785 925 2732 435 4788 3774 959 9156 6982 6601 2122 2636 8408 7532 5488 2682
295 5161 2124 8813 4081 2354 7923 7575 2263 8413
296 9728 6659 6661 3085 9998 272 9625 7963 6047 4639 6305 7588 4902 1328 9136 53 309 6456 7619 6219 5203 9561 6752 1124 9830 5229 9967 9077 3707
297 2309 2438 8714 9621 3996 8107 683 6062 3375 7217 7104 5313 450 5062 3403 2000 8273 592 5078 5082 1766 236 8179 883 4085 3198
298 4096 1031 5519 8593 5394 1554 5655 6952 43 6444 3138 6597 454 3273 1740 6861 8529 721 8539 7295 7521 1640 9327 1526 7934 639
299 8704 9479 6801 1824 2213 2855 9384 6319 9137 8755 1333 5686 8127 1727 66 7877 2118 7387 7278 377 2428 6141
300 9858 7430 8586 8335 4370 1302 1048 5278 6818 5418 52 694 6332 9534 4802 6599 1098 2378 9429 8917 5461 7256 346 5215 5093 2663 110 7799
301 257 420 868 9029 678 489 7980 8493 4717 7725 4850 7892 4437 2872 5625 7294
302 3842 6918 2568 2057 2319 9879 806 6568 5421 7344 9018 4797 2750 2371 4165 9806 2389 6486 8667 2012 3550 6629 9193 5866 6122 8816 9968 9202 627 1136 7925 5110 9207 9715
303 9857 3330 6179 1061 2440 8075 76 8461 8012 5266 1811 6835 4598 7478 8184 6331
304 7841 1922 8420 1670 2056 842 5771 6967 9912 3439 915 2997 1589 8983 3096 2393
305 22 7582 7326 2084 1963 4395 2863 8495 7477 8631 3129 572 5309 2625 6908 4038 2633 1101 5842 4826 5595 7516 6114 8675 5990 1894 6376 9582 629 4732
306 2758 4167 1734 4331 8023 6737 7316 5495 6424 1369 8796 9757 8351
307 5344 2180 4112 2288 2416 1236 5303 5245 2783
308 6160 3859 9492 7574 2071 946 4915 8886 2359 3384 185 1721 3000 195 6604 9178 8026 5084 98 6647
309 6310 6215 425 5706 6572 7468 5261 2029 1039 1462
310 1866 5744 6771 119 150 4887
311 1089 4737 3427 8037 9767 8554 8875 3692 9133 3054 9263 7249 506 3318 23 4122 1404 7357
312 576 1761 8578 2400 4903 3241 8692 9109 8662 4469 1752 2268
313 9121 8129 4609 6022 487 7 7470 2480 1298 7571 7605 6646 5974 731 5759
314 4485 6021 7305 2453 6038 1567 41 6442 6452 4663 4537 4669 8128 6722 1993 8524 4564 1884 8798 8806 8686
315 1799 3982 6167 536 3739 2978 7333 3239 8746 8362 7598 2991 5554 8376 2236 5826 8007 3155 340 4450 3299 1767 4204 5357 2804 1532
316 7264 9954 5060 8966 6953 2668 9901 6092 2267 4507 764
317 4499 9111 26 6812 1054 6820 6180 7208 1918 7222 8136 9033 2896 91 1635 4963 7911 1393 2164 3062 2808 254
318 3331 6915 6280 1673 9866 6800 8336 2068 9623 9496 3609 2971 6956 8110 4527 5184 2753 9411 1607 9036 4815 6608 5588 6100 5208 6877 8417 5092 1777 2801 4212 7160 6140
319 5255 9612 5005 5014 1563 3487 9376 5411 8760 4801 3146 7634 3285 5337 220 3425 1764 5733 2918 3302 6128 501 6264
320 8202 9996 4882 2588 1053 6823 7981 3004 3009 8003 4037 7639 6879 3553 6759 6248 8817 3955 3059 3189
321 8542 1090 5444 5317 3112 415 5902 3507 5719 825 8860 4439 575
322 3977 400 4249 9629 3999 3497 9389 6194 6579 4789 3896 2235 7229 7240 330 971 974 6864 2768 8410 2011 9564 1244 235 1780 5365 3190 9083
323 8097 4066 4548 6600 5164 8141 1649 1973 9525 3163 5724 2109
324 8322 7299 3731 5908 1689 7322 6432 4386 6824 2220 4142 9905 6965 7866 1349 4299 2382 6223 3689 5738 241 3315
325 4026 610 7491 6787 8521 9897 5739 4559 1712 8561 1237 9078 3160 5593 5658 5240 5919
326 3202 2083 3269 7318 4603 7199
327 7808 161 280 2596 7301 6727 6983 2887 8940 4050 5748 8981 1271 2104 5818 6235 2429 4958
328 6633 5228 3220 3605 8629 4027 8157
329 324 2278 7526 5677 4239 2736 6684 3357
330 5507 9092 7306 1037 9238 3227 7067 8733 8989 8101 313 5448 9802 8907 9680 1616 2774 2520 4072 9841 2674 5247
331 4836 3237 7046 230 7882 6699 6027 5133 2414 7857 7797 2006 2102 6556 2075 9020 991
332 1730 8455 2314 9295 9904 4945 2418 1971 3733 8922
333 2960 1179 7451 2076 7975 2602 4654 5172 8768 5442 3141 6344 9291 3802 6375 3816 3565 6517 9849 9983
334 7648 6464 3525 2439 520 6186 9099 5966 3407 4144 3026 5111 7767 5112 9626 5371
335 5378 4105 2317 3342 278 5143 3350 539 1313 8617 684 9778 6582 8887 315 4539 3144 3532 9187 9188 9192 9199 9071 4591 4719 3954
336 1029 646 8715 4496 2065 5915 9250 4643 6696 9132 3123 8509 5310 836 6085 9035 5969 6615 6746 6245 8695
337 4481 777 1423 4118 7081 171 3761 6716 2237 192 1601 4550 6218 9421 603 7647 2911 2915 3558 4586 747 6380 1644 4207 495 5364 7031
338 7439 4644 7334 6574 9519 1714 1715 3251 5696 4678 5320 3913 5452 211 3960 7004 5600 4192 1262 5880
339 2570 6161 2327 9882 8986 6564 1450 300 9644 689 178 5302 6327 186 7099 3900 8642 9538 3650 9544 3788 7769 1499 1123 995 8307
340 4098 4359 6537 3981 7315 4884 8467 5911 3101 3363 4648 5678 3263 8393 2762 9548 8526 1747 342 4183 3164 3938 1509 743 8815 3316 9204 8828
341 2688 1856 1156 4612 6760 1548 5550 6990 2616 7227
342 6144 8705 3587 9859 6149 4615 5257 8074 9869 8218 6694 8359 2989 6068 9141 4660 704 3136 6984 3272 4682 858 4971 4459 7542 250 5374
343 9867 9358 1806 5019 4892 6176 6309 4263 5416 2367 5951 2241 706 6340 9542 460 4046 3795 2387 3029 8660 219 2909 7903 4328 5613 4847 2673 6265 8191
344 2176 673 4419 5382 4178 3094 9271 9788
345 6657 7554 6785 2950 5510 1163 1679 8084 1815 9755 8604 9760 3499 2222 7474 6836 2229 1720 708 5585 5080 5339 9949 8289 8673 3319 1401 255
346 7945 6284 1041 21 921 5152 7585 7842 8873 3370 941 2737 1597 8381 3008 5829 77 5584 217 9565 3685 9837 5105 6392
347 2434 5605 5222 4455 9063 617 2249 600 4560 2257 1907 8340 4982 1143 3512 5277 2044 1949
348 2525 100 7145 9353 2667 9708 8271 381 8403 2547 6805 4502 8253 9595 2557
349 9670 6890 9418 363 2829 6605 7346 6867 3127 5628
350 2944 4255 1829 4229 7720 9289 5128 8392 942 3598 3634 5624 7610 9500 1023
351 8706 5124 261 2311 6810 32 7076 2858 3125 2752 2881 7624 7501 6735 2129 6361 7778 8170 3948 9583 6261 504 1535
352 6274 3810 8314 2087 7815 2582 3321 154 5145
353 3729 5498 3647
354 3329 1667 3844 653 782 3087 6937 9342 7707 5151 1702 2984 7723 7995 8143 3152 1875 3547 7389 9440 4582 8296 3691 4080 6512 8050 8564 4222 4991
355 867 7716 870 9233 8402
356 6272 8064 1282 9865 3467 1432 166 5030 4394 8494 686 814 6196 8252 8769 3785 6475 2651 5470 2148 3429 4452 1511 9066 113 248
357 6913 7243 3051 6352 8978 2591
358 8835 2572 6159 929 3235 6821 1193 5291 6315 4916 2996 4535 5946 3261 5702 1094 9038 6607 5715 1877 6367 7394 1252 8677 7019 3061 887 3834
359 260 4361 3338 2955 2444 3084 1965 9518 4015 5183 6733 3406 6224 5332 1502 3168 4578 2535 5872
360 2313 3312 9459 852 532
361 7680 7296 2952 3339 8343 6040 8475 924 4765 4513 3234 8228 4665 3642 1724 6975 3270 9034 6220 1485 6095 8658 7770 7643 9691 8671 6902 7800
362 4614 5513 2442 2837 9240 5402 9505 1316 7865 9276 6848 6851 6473 1494 4062 992 1248 4323 6121 8169 3052 5999 6519 3449
363 8198 9593 3352 3356 5663 1696 3746 4517 7353 4166 5577 586 2892 9934 1491 6357 604 6623 735 3170 9570 232 1516 4347 6900 249 5755 9597 5375
364 3841 3074 2306 4605 3462 4748 9362 5654 1687 3874 9000 304 7615 5314 1476 4293 5962 2507 1749 6743 7771 9180 8159 2017 3445 125
365 6592 9186 5343 1131 4139 6989 2895 9586 3635 7382 6455 5820 1183
366 5506 2693 5772 922 6939 2204 4002 9762 2481 1592 6842 9153 9284 9164 8400 3667 6229 8549 7143 7529 2033 7666 6132 8566
367 5505 524 270 6036 7718 554 5674 4906 3121 1080 7737 2876 6593 3139 2377 1229 4562 4440 1627 4832 2405 8805 2665 3830 9851 9599
368 6531 6536 266 1932 3344 9491 5537 4259 6825 2990 7088 9270 6714 1980 2110 7753 8269 4690 9310 9699 9833 5610 6641 8689 1530
369 2 5256 8587 537 4634 7323 7580 156 2982 4650 7339 813 5936 9526 6713 7487 2496 5321 458 8650 589 2510 9423 5201 3673 3176 4457 633 5117
370 1286 1164 1550 6418 786 4247 2973 4772 2478 6587 6462 459 7504 6739 3433 3305 9584 4211 2293 380 9086
371 9698 9159 9031 3017 7438 6190 8560 4666 949 2106
372 4352 8864 4290 5352 4075 15 7701 1464 8698 2939 5180 8510
373 7072 198 1192 8776 651 8975 4367 4147 6780 1917
374 1376 5025 2305 8132 9828 9511 2409 1453 6767 9617 1081 3258 9246
375 8450 386 4371 6044 50 6078 6977 3777 6345 9419 7248 9823 4705 6882 9701 4710 8935 9448 4718 8047 1264 4213 9087
376 9539 2214 9744 2866 4500 4056 8344 2745 2426 3515 3325
377 2531 3748 7685 39 328 6216 9549 4880 8530 6610 6202
378 8448 8771 3364 7075 2884 903 1347 6764 2158 2928 3410 4854 2966 1465 5178 6397
379 5881 3991 6683 671 1574 9768 7848 7085 5041 1976 3521 1348 8645 4425 716 6860 7887 8528 9043 1501 736 4961 5351 7018 4972 2799 1905 4597 6009 890 5884 2173
380 3073 4130 3 3973 6312 8426 6474 6476 5486 1872 7025 3986 9460 1879 5241 7994
381 641 643 9957 518 6602 3438 4881 1778 8086 7897
382 2304 4871 775 6667 9230 9105 1691 1821 4291 2756 4552 6736 6875 7782 4073 1772 3694 8048 5751 8189
383 4740 3974 2828 1172 7703 4384 1440 7465 4783 5566 1988 7761 981 8927 5601 3047 4200 1386 9068 2541 373
384 1794 3459 2054 7178 1430 8353 9385 4278 695 8134 8135 2260 8148 4312 3295 740 1771 3824 1531 3070
385 2052 5898 1420 529 8346 7327 8738 548 1448 7849 2988 3630 9855 2873 1852 3916 1364 8795 3428 7144 2153 6634 6906 2556 9853 8958 767
386 6402 4131 2338 9732 9928 2121 394 7817 6571 5487 4879 1553 9874 2743 9724 4317
387 6660 2437 8201 5389 9357 6542 7312 2209 1057 4899 5412 3116 1198 9774 1070 3891 6203 9404 829 1345 333 3920 2904 8801 999 8039 1779 8186 6269
388 5734 2573 5746 6843 8382
389 9889 9377 5027 933 8073 5642 7245 3669 9269 8187
390 2464 7745 4420 3849 8245 6454 9815 9624 7065 9242 6363 7709 9278
391 1921 9221 7941 1933 7188 3351 8472 30 9632 4640 7082 1967 2366 8257 7874 8899 7884 6362 475 2269 1117 4966 4848 122 5502
392 2315 3726 3856 1042 9620 8481 2859 7724 940 45 1332 7358 3648 8896 326 3784 3412 9951 4577 9191 2154 2666 6131 376 6013
393 1250 2341 3845 7271 9734 2025 2686 6891 1583 8370 4274 1845 7867 4569 4475 3645 2430
394 2784 3075 3114 9171 6484 1267 5910 5268 7064 2390 8563 2653 8926
395 96 9306 7622 8678 4870 2284 1165 6878 3998 8213 3381 5782 5945 570 9403 4670
396 6912 2016 1925 3592 8745 5098 1934 9422 5648 7921 1842 5200 2648 7097 8315 6428 62 4447
397 9508 6251 8880 8753 8787 499 5013 7990 8639
398 2694 9100 6549 7830 7189 291 1572 5305 6460 8774 2394 3943 1513 2796 9964 4336 3697 7668 7032 3066 2685
399 2561 515 516 7045 6279 8971 281 3866 9513 9265 7096 4536 7873 5188 1989 6729 3424 5985 5347 8304 634
400 6656 1539 9350 3078 3728 8985 1277 5662 4400 5168 6577 1331 3764 5816 7117 5583 7893 8028 5984 9955 612 8177 374 1527 3706 8827 1533
