1 2692 2822 9736 3346 6678 5628 1788 8875 1325 4276 566 8633 8506 953 4413 4544 1988 7115 3916 1995 6865 1496 6115 7017 2286 6128 1008 9980 3583
2 2819 8324 1928 7689 7693 3856 1913 2460 5022 9254 5160 9898 6070 6074 6460 9661 5956 70 3915 5198 9550 2899 213 2914 7908 2921 5487 7289
3 3974 8586 2444 1292 1041 6806 7448 6297 7835 3869 9761 6305 3627 5170 6195 1730 8261 6982 1230 859 1373 5599 7136 3432 7146 9325 239 1526
4 768 384 1170 8218 5792 7331 807 6697 1065 3117 1326 7220 3004 4419 8390 5834 4558 8271 6747 94 1894 7015 4329 6251 9454 6513 6521 8958
5 1161 7309 145 3090 1817 165 3494 6951 4009 3886 4530 2355 8629 825 7100 3135 835 8515 6214 99 6756 7143 3945 6254 628 7419 1149 1534 2303
6 4736 8450 6663 8456 7824 4382 6944 4898 5027 9125 7207 554 2352 6964 7861 9025 1229 3921 8276 2389 2774 5207 364 8818 756 1143 7033 2942
7 4873 14 1168 2067 7833 3097 5275 8223 5024 3362 5675 3759 1087 8518 9416 5197 2766 4302 7505 4306 1106 6108 6112 3552 5220 2791 2029 2160 2036
8 7556 1797 8326 1542 1276 7702 2711 5398 9762 1061 2603 5035 2736 3768 3898 3260 4798 8386 4563 5590 1889 8674 7010 613 6759 5991 3449 2044 8574
9 9090 15 3602 895 24 6043 9889 805 2086 4517 3243 6700 561 9397 1208 3661 7630 9680 2001 4179 7894 4951 2139 1243 4572 1630 3438 4335 511
10 2688 2567 7567 147 2196 22 2716 4637 4256 7077 2479 6838 3384 3642 443 958 6209 9670 7752 3277 6610 9683 2390 1370 3166 8931 7783 6249 1898
11 9728 9474 5763 2437 4230 6022 5912 293 1959 8872 2477 9646 6962 314 9404 7751 8910 3794 2130 7635 4835 6243 5094 2666 7152 9968 2675 9846 1660
12 5253 1032 3980 6413 7566 6802 6421 2334 8231 1716 6837 9403 7870 1086 1862 4551 7243 5209 8537 6490 9821 3807 3295 2792 624 2932 1785 763
13 1025 1029 7048 2062 2327 8345 2585 1818 5532 3874 5804 9518 6832 5566 5058 1992 8010 2635 2128 4049 6098 4566 9818 480 368 2034 4978 4341
14 136 4747 4109 2445 7825 7697 3988 6933 5660 686 2996 1847 1719 1983 4035 2763 1998 6734 9942 7512 6872 4697 8792 2526 3430 5611 1138 9722
15 4613 6408 5514 7306 5260 7180 529 1943 7195 2589 2225 8377 8897 2753 5065 6604 2253 9682 2516 1120 8675 4963 4581 6117 4076 7535 9200 4470 8571
16 1922 2306 8202 6922 5905 1556 3102 8991 8365 2861 7218 8118 5053 7103 7885 718 2255 591 8148 1112 9947 862 1761 9702 230 7911 493 889
17 5761 3587 644 2700 9868 9618 3091 7187 154 6685 7714 3877 7976 4652 5036 5933 3381 8762 9149 3522 333 9823 5344 9318 4718 1909 8567 381
18 8591 1552 8210 9236 6304 6694 2475 9389 1073 1206 8636 957 6973 4543 9028 3142 1226 7754 8779 5711 7896 5736 8683 2161 4849 6515 6261 375 9080
19 6657 7686 9863 4746 1418 3986 3477 6177 8742 2217 3500 815 2098 51 8370 1591 1335 9407 6725 1880 217 2268 7903 4327 6888 1387 1144 4089
20 1671 6535 7565 6414 1806 1687 6299 2975 5795 5156 7461 6947 811 2734 9774 1337 5830 4423 6861 2640 724 6997 2522 5210 6629 6132 117 1397 3455
21 6913 4242 9109 7069 4653 2862 5167 8880 817 9780 5941 952 3647 9923 4294 6599 3399 6475 4684 8270 5199 208 8665 219 6239 8039 3824 1394 6260
22 4609 1539 8715 1678 5142 5796 8870 8235 2222 7985 4023 9784 955 4925 6080 7746 1860 5701 2888 715 6348 9935 4947 7777 9065 1900 3060 8822 4985 2175
23 5120 4865 2446 4133 678 1957 1833 2742 7738 1340 4420 1990 1481 334 5327 7120 3926 9308 870 2793 7274 6762 8812 7022 3953 1011 2419 4471 8190
24 5505 1546 908 4509 9758 162 3108 8484 3111 5417 6316 4789 2871 2234 8255 3654 328 6482 8153 5216 3299 3300 741 616 9194 1644 7664 241 4219
25 4235 4493 9104 6033 3474 6293 9214 5786 7971 8869 3750 3367 7728 6709 8120 3420 7133 2782 609 7651 1635 2922 8687 7794 2935 3577 4602 8830
26 9730 5770 3472 4634 538 6049 8740 1706 304 6576 569 316 830 5568 4548 6728 9292 717 8142 6608 2772 2405 743 874 3311 7028 8692 2934 8699
27 9731 778 8845 7826 2454 1431 2081 8357 2859 1715 8893 7488 9410 1219 3023 7760 8401 3026 7124 4187 8925 9565 8033 9700 4455 8432 3316 2679 6649 7802
28 2946 9094 396 8719 1696 7972 8103 5288 43 6956 3248 2865 4018 2227 9782 1082 5567 5440 3649 8385 8004 4166 9158 3662 3152 7392 6374 7408 7290 1407
29 3079 8331 7185 8083 2455 6681 9113 5794 4008 3756 6704 1844 1974 8901 4172 5452 4940 5074 1493 481 4579 7779 6758 8426 7787 5240 380 1919
30 9345 5634 5250 3078 7 2442 7953 3476 7068 9255 4139 9262 1203 3901 573 6078 6351 4432 4180 7002 8154 6369 7781 4587 8817 6899 1786 2685
31 896 2055 7688 5645 2957 7055 4371 3732 6428 8867 2096 2360 6203 1468 702 8256 5576 9673 1742 3923 3167 6755 3058 7027 7668 884 5494 634 4476
32 5258 9355 8461 2069 8469 1435 8221 8364 4143 7344 3633 4537 4410 442 1355 7245 8655 2384 6481 8656 4307 7386 8160 9461 2678 1655 9337 1915
33 6662 7050 8465 8726 5402 1180 290 7075 1832 425 45 8372 4667 3771 4417 1986 4555 8657 4573 6623 5855 2529 4070 5742 5877 1270 1527 2045 7423
34 9857 9733 6278 6153 7692 8854 4903 7592 5812 3127 7096 9659 7229 5186 2884 1865 3017 8905 7756 6620 2524 992 9697 4845 7792 5749 9333 6266
35 3968 642 3722 914 2706 6166 3739 2213 9639 9781 5558 9527 2368 4033 451 5323 4430 338 1622 88 8797 3293 9576 500 3830 3320 3833 4986 8829 6270
36 9475 2693 5900 141 3601 8085 7321 1436 2723 1448 4522 173 8112 3765 821 7095 8247 6587 7363 6089 594 4440 9050 221 6880 6632 4847 5109 5375
37 7296 5123 267 5261 5790 2079 4773 2469 2552 1321 5684 7739 8766 3395 2372 8006 9288 8395 1486 2906 7131 4444 3042 4708 4837 4593 1013 6776 8189
38 3719 8460 1421 9745 5266 4882 4248 4379 5153 6561 6566 2087 6439 7860 3894 5950 2497 7495 9548 8399 9561 4961 8940 5364 4982 3576 5243 5502
39 1026 7560 2703 4367 7313 6677 4639 5540 6440 1192 2097 7345 4791 184 2617 4027 8523 6091 4436 8024 4577 8161 1381 4589 8429 2157 4848 5493 4733 8446
40 1664 3973 8581 6150 7955 26 1445 3881 9769 9394 4404 9652 571 8898 6851 4291 7119 5075 6103 3453 1247 3039 5090 6498 8676 5092 5741 8573 4731 3581
41 1 7555 8589 4494 8079 3487 4642 3114 2553 689 3251 3650 3657 714 6219 3407 6613 7254 9695 8416 1252 3560 9967 9970 116 6772 9721 3196 5246
42 257 7810 259 2966 665 155 7067 7196 8351 1060 1063 2344 9133 6198 950 1858 1609 2124 3670 9174 3045 3562 1646 4597 7798 376 5883 8188 6397
43 2440 4489 5523 1300 6135 919 6679 7961 3485 6174 7205 5544 1973 1339 2748 3903 1090 8902 74 9040 5971 4715 3308 2927 119 2424 2426 6654 3839
44 7809 1665 1667 4870 8967 1673 1783 2201 1434 8476 3228 926 6818 6051 3497 5422 2755 5702 7371 7117 8404 2900 8157 990 6879 7403 4595 3447 5499
45 7680 9483 5131 790 5785 3866 1179 6044 4894 415 3489 1187 7589 9904 4153 5050 6718 9417 2641 5079 2777 5339 9825 3043 7785 2282 1773 4213 2559
46 3850 655 2193 4629 4887 7577 156 1564 2853 8229 8494 7342 2229 5047 4284 1097 8139 5967 5459 7764 8671 9824 2146 356 6502 9193 6635 8950 4216 378
47 4737 3717 8966 1289 5903 5012 5270 3099 3996 6812 1053 4261 5926 6183 6963 4922 1212 3134 6848 8641 5444 6727 6349 8022 5848 5597 4445 8807 5615 371
48 7169 7431 9739 4112 5781 9118 1313 6307 5797 9128 9768 1711 2351 5938 1083 4668 6205 9034 9803 9295 9687 728 5340 2142 2535 2537 4336 1023
49 9346 7941 8071 4364 8847 7571 3860 1045 5152 1316 808 2345 9401 4926 7879 4170 1870 856 5088 6626 6500 1134 6767 112 9842 9459 4724 6904 3069 1151
50 8833 8322 3333 1798 1547 2962 5531 6446 5299 180 8243 2486 8501 8888 4540 1867 5708 7506 6227 2262 9558 7130 8040 2028 5102 7918 5876 3321
51 3202 5381 1288 1034 4107 1930 2573 2702 3604 9238 2204 1566 6179 5924 4007 5680 6448 9522 7863 4670 3778 5059 1107 1365 3928 730 6627 4079 7158
52 7938 132 3987 5403 797 3490 4646 687 176 5187 2758 4295 4044 2767 210 595 3288 3546 6876 1766 3433 2283 7019 9579 6517 3065 9724 5759
53 2816 8072 650 8603 4003 7098 8763 9018 5959 9422 6863 4819 9300 6742 2136 9440 3681 7650 7525 485 236 2413 3053 7788 9837 6003 7037
54 6021 8069 6023 6279 1545 1167 9871 532 4373 8342 5526 5146 4766 8606 5287 4267 2482 7988 9151 7233 2886 6731 3279 3414 9817 858 7770 1511 1659 125
55 5894 7302 1030 8074 1675 8979 4757 3989 3625 4654 9903 2739 9909 6906 6849 3653 7763 6484 9306 6750 4192 5604 9444 6893 6133 5880 8825 3450 4604
56 1541 9861 2190 4750 9361 669 6303 4780 4909 2354 6707 2612 2615 8507 6077 5181 4158 8128 1604 1480 7497 2129 9554 8668 9192 9199 1396 3062
57 2563 6277 6406 9735 5896 8713 3854 1684 8091 2845 8989 3361 5029 819 8635 1729 2116 5578 4051 487 3821 6002 4467 8179 2806 6779 7804 2046
58 3712 7310 2447 4240 9615 8212 5909 3486 2335 7074 4389 1843 55 3265 2885 4171 6358 1884 5856 8417 8036 9832 1515 9964 7279 2415 5237 9847 2943
59 9738 5139 2968 1308 4388 2474 8110 4658 2101 2754 2115 6986 1868 462 2907 6877 8926 5600 1377 2658 366 2543 3701 630 7927 5238 3322
60 8070 4490 4491 8333 8725 4505 7706 7193 9372 6941 2598 4539 7745 7875 7367 5705 3914 5195 3918 4185 6495 8550 5351 5479 250 6636 6257 8186 2171
61 8576 6658 6276 7942 7436 6543 2704 9744 403 2324 4630 4122 7080 7208 7986 3891 2487 5690 2108 2876 2880 7489 8516 2404 3566 4209 8306 1522 8191
62 386 5129 6673 7827 6039 4888 3352 3883 6957 4014 4914 6579 4281 1981 5438 2499 8273 2770 3156 8021 733 8418 1768 6895 3700 3957 7545
63 3843 9860 517 5510 3207 1672 3725 5649 9362 1560 929 9644 8755 308 3892 8886 6715 2751 8512 2369 4800 6614 7383 4060 2150 5610 6124 8688 1014 9726
64 7429 5001 6157 3220 7318 7063 8478 1825 676 5030 7848 5041 2999 8760 2233 2362 9148 5185 1857 3397 7238 5715 7765 8933 9830 8555 9719 5367
65 8192 1921 7940 2566 903 12 5902 6030 4991 4123 2332 8355 292 5415 7472 691 7748 7365 3528 5712 7638 344 6618 7642 4448 3829 9081 1532 7039
66 8832 3074 8197 4103 1685 5655 8472 1447 1963 5168 567 2235 3516 1217 2501 4678 6344 4809 1100 5968 2000 1234 3799 9944 2527 9961 242 2809 8318
67 897 6791 781 8217 794 5662 1185 7458 548 9511 4136 5683 312 2242 842 1484 5455 3792 2002 3678 5726 5222 9448 491 749 9326 7151 6907 5501
68 9233 19 5143 5273 7581 1695 2978 2594 7214 822 1462 3261 1599 4034 8520 970 8654 5071 1104 5205 6359 4700 3676 3054 9588 6136 7547 9084 7678
69 9217 4354 389 8582 9607 264 5136 3600 3729 3606 1049 1949 1955 2084 2476 7981 8622 4015 309 565 1341 581 1606 1095 8145 1492 7636 1256 9458
70 6912 3972 6404 8970 8330 2833 9491 3221 7703 5016 4767 3003 5826 4806 9030 1625 5594 7129 7009 6241 4964 2151 5233 6130 9843 251 3324 4478
71 6784 7300 2565 1159 3979 1294 9743 3089 8980 1055 6565 1831 7610 3523 3780 9156 1479 9547 7248 9571 1124 2532 1129 7275 2539 5112 8701 7038
72 898 8579 9604 4612 7813 3978 9867 9996 2450 8600 7839 5665 6571 5037 7473 2995 1590 7223 4411 8382 576 7111 3273 7242 1631 8543 5473 3811 1639
73 6292 8983 7960 8089 3230 39 4793 3386 2619 5308 7239 8137 976 1490 2009 6745 8029 4317 9696 5345 9058 2530 9956 8295 7916 2796 9465 5754 891
74 514 6788 8327 9105 7194 5020 9373 1054 4000 1709 6829 3121 1458 1076 6201 9914 5948 2512 1242 9053 9054 6751 5863 490 107 7407 9460 6901 9338 7292
75 5251 8200 9594 5522 7323 412 4640 1533 7460 5925 6824 7209 7984 563 187 5309 8127 6336 6085 4043 1997 4686 5328 6744 8058 1393 4723 2035 3962 5373
76 2818 7299 9350 4360 9614 2320 3345 7445 9368 1829 3621 3755 9140 9796 8393 6217 7643 8541 7006 9313 2406 7402 4717 6514 8051 6516 6773 5236 4479
77 9472 4353 5901 9360 9116 550 679 8362 1450 6702 2614 5942 8125 4163 3012 8263 7753 5193 2686 721 4561 5337 4826 1251 3820 3190 7544 9852 4862 1791
78 3457 4101 2952 6163 4755 407 1688 6687 928 5171 307 8757 1722 5947 5695 8644 1101 2895 7121 1497 9179 605 4323 6631 3183 7541 8694 4343 6015
79 7552 4488 7305 2953 4502 6178 4904 552 2220 2359 4286 447 8384 6084 5060 7749 4426 5196 6224 7250 3668 4949 9184 4704 5616 4083 7543 7673
80 9348 7174 4241 2709 3351 4380 2077 3741 8482 5410 4131 1319 1067 3129 9275 1724 1602 6984 6995 6739 9559 6488 3805 3425 3049 2027 8303 7665 1401
81 9092 6931 1559 2717 8735 161 3240 170 6443 5678 303 7859 1593 1733 3909 2377 9802 9291 8781 4304 4691 3806 2017 2287 880 9078 2039 9209 8445
82 5126 5767 5513 5646 9883 2593 5283 7849 6064 3504 3635 9922 2373 9820 9055 1759 8546 6501 3817 5993 7020 5101 8431 6000 3057 9587 9715 9975 4984
83 4992 1028 9480 1033 2831 6037 795 3998 3358 7071 2337 7603 8117 8759 7101 829 3519 7362 1734 8007 5325 9677 7890 6105 1627 3421 6885 5239 5752
84 3075 4 3466 5138 6164 9114 3484 2976 5667 680 5932 6449 9271 5687 7354 5952 2882 8132 2246 1351 8783 7888 5713 9041 5847 9822 3934 5744 7929
85 7171 5127 3862 9495 7578 7963 6564 8234 7211 427 6585 3258 2618 9278 6340 2117 5320 7499 989 7390 8158 1633 3816 8937 9835 8943 3827 6267
86 8834 2183 5002 2830 3983 7447 8857 9500 6430 9512 9515 6063 2991 4145 3124 9027 5958 588 79 3793 854 4824 3672 476 2536 617 3947 1651 5753
87 6530 9224 3210 8737 546 8866 1449 7851 9772 6573 9008 6470 5321 6732 3920 7632 85 9686 4570 220 4344 6371 1897 7657 5362 6771 7157 8952 6268
88 7298 8452 4879 786 1690 1691 414 7968 2338 804 7079 5289 2866 6452 9787 3133 7614 320 8640 2631 987 7906 2019 1380 8423 3306 3180 9074 7799 3448
89 3331 9999 9359 8723 9875 2710 3101 9245 1314 6309 6056 2990 3900 4412 8003 4677 8914 7892 6245 9575 5738 109 8175 755 4468 1268 3835 3198 9855
90 2048 134 518 270 4239 2330 7580 8354 5922 684 688 8241 4787 8000 197 5317 9287 4813 463 7887 4435 9056 8165 8172 1391 5488 5234 5368 3068 3965
91 4864 5636 4876 2701 4116 4759 5018 922 1951 2979 6139 6696 5295 1712 9650 7991 8257 3270 711 9423 8917 7771 4706 3044 4324 243 9076 4215 5371
92 6916 4361 11 8463 4498 2467 1188 6569 2350 1967 2608 4272 5811 2870 6843 61 5573 1098 9166 9693 1887 7776 9960 3307 5229 5745 1650 2549 2555
93 262 1799 8716 5775 6800 5524 3610 8102 9383 6952 6057 5034 4907 5293 9266 9651 6710 9145 1348 7622 9044 2263 1505 9060 7273 240 1648 3317 9341
94 7946 1290 2834 4370 5651 1433 4254 164 8745 4393 4781 2223 5940 450 1475 7108 5828 2883 8522 75 1613 7373 5073 9814 2655 7008 369 4851
95 4620 5391 657 2584 9244 8862 8992 37 9520 6065 7989 1980 7358 7615 959 1732 2245 6597 2502 6859 4562 9939 8056 6741 3285 877 9198 8561 9592 6271
96 1923 5254 7179 2317 2448 4244 4372 672 4514 8483 8611 2214 6312 9002 3885 6191 1456 4275 9015 4535 7484 9406 9541 8530 1374 2152 7018 5873 3705 637
97 9732 4114 8211 7199 1440 1956 6436 8748 2733 7477 8634 3132 4671 8129 3013 199 5451 6102 9690 3808 9057 5868 8941 882 3699 374 5495 6394
98 3328 9476 7816 7437 2066 7573 5658 4507 3868 285 1583 2864 8373 9785 3002 4795 1596 6333 6975 720 4308 2775 7645 1504 1378 4074 619 6393
99 8956 1801 5388 3616 1444 8624 7091 9141 5173 439 6073 6335 5316 6216 329 7755 5072 9555 6616 603 864 2402 9317 8166 2409 9066 3184 3836 9086
100 8206 3473 3735 2714 7708 7967 2210 420 4516 5549 9263 8115 692 7607 6330 7872 5443 3148 1103 6096 9809 2407 2665 3178 3312 496 7032
101 1152 4482 4744 2315 9110 5280 553 4531 5303 2363 5694 832 5188 1476 967 3784 3660 9420 9563 5733 6123 9324 1517 7533 7666 1139 8184 6399
102 6145 6147 9095 263 3082 3851 9613 6034 4891 288 5418 2091 4011 3246 6958 181 951 9400 4794 5190 7113 9812 1750 8023 1757 3424 5490 499 7931
103 1031 1549 5647 4752 7320 8607 4390 9513 2473 4778 1461 1077 4673 5318 3014 9161 3278 5710 4048 3284 9816 1375 96 3434 3570 5491 5113 2682 4095
104 7817 4628 4375 2721 2600 6186 1195 3372 7727 1457 7475 9395 1334 6455 6969 9157 7628 590 6783 7641 6363 1248 2159 8308 6646 633 382 8063
105 1027 9356 4749 1558 5787 4124 6306 5923 295 424 423 4265 4395 5419 557 3118 3112 5176 66 8903 7244 592 6356 7639 7387 2780 5866 5355 3188
106 1792 6017 7818 7819 5521 2453 793 3879 5292 5936 6210 8532 9302 1116 4829 9951 6497 9191 3047 876 5614 4976 8062 2163 2300 1278 4735
107 2180 2308 522 7053 9369 7197 7711 1824 7843 1836 5550 5425 9779 8884 2106 60 9532 5314 8514 324 710 2376 4937 849 5850 5984 999 3314 6781
108 513 2177 8455 269 531 7572 4250 4511 8993 9251 3878 5298 3636 313 2490 9657 9290 5964 340 7510 6615 9047 2648 3296 7654 9320 1518 3061 4094
109 8320 0 8704 6148 9352 6544 5395 5527 7575 9374 2977 4772 549 8493 1969 2481 6072 8776 330 84 1366 2007 474 4190 8288 9572 4967 1516 9471
110 1926 1804 6541 271 7574 2070 3353 1441 3105 6827 172 1202 8502 8264 9297 2901 6366 4831 2915 8806 6252 9711 3952 754 8691 9845 6134 3063 2168
111 4993 3330 4097 772 1670 5128 3212 9998 6159 9247 930 7332 2856 5673 8873 3119 1713 3514 8380 7232 6855 1354 9549 973 7005 7007 6633 5482 6518
112 4232 3338 1298 2071 2040 6939 6816 2208 5154 5421 8765 4414 9791 2881 7379 8412 2525 4702 1885 4320 2145 6882 9450 2156 3187 4214 1782 9976 4601
113 4611 8841 6540 3341 2199 3992 281 3748 5542 4396 7852 9776 6577 8371 9269 4536 7608 2495 9029 1487 6609 1494 9688 1624 8920 6106 4346 6782
114 4225 9221 2192 9364 2849 1442 7330 1057 9510 9257 7340 9778 5043 7992 9147 5311 6591 5955 3015 5844 7766 9430 3544 8673 4707 3689 108 2673 1654 6137
115 2689 9729 1674 1164 1937 4754 4501 2074 3612 8999 7593 1837 820 3385 3136 3652 8005 6730 3281 8659 9181 4061 353 5860 8809 1903 9334 3960
116 1409 6529 6403 7558 7304 5000 5656 8344 8731 9250 8739 1578 1205 9526 8887 2491 9152 2756 72 2381 6866 8915 1236 8146 5084 3693 9581 8693
117 8583 9484 6924 3985 1938 6674 8598 8094 6690 3876 167 8109 9655 3644 5825 6468 5577 2261 1881 9946 988 5983 4449 4068 5739 4588 9966 8304 113 5756
118 1414 135 8 3080 8334 2065 4245 1047 5913 6554 5149 9380 2597 4138 9259 1839 2867 8895 3137 3009 5699 8643 5965 719 9552 8282 4830 7649 120 3193
119 2433 4099 5509 3718 9222 9992 780 5394 8086 3479 5783 1182 2848 943 433 7601 6337 1991 8265 5716 8150 2392 3673 7132 7138 7414 9208 9981 1535
120 2049 771 4234 3468 525 9741 3475 7962 8608 4266 2348 6061 3374 4271 9392 8369 7221 8503 4415 3906 8645 8904 2638 6352 86 9831 8428 2414 4338 247
121 9 8973 8852 1689 1820 7338 4010 1196 1323 9390 4659 6328 3259 5436 8637 3016 8907 7503 9427 9685 341 9305 5342 734 1126 5737 750 6894 1528
122 3844 2058 7308 1040 6928 4641 6647 4518 4391 8106 6189 302 7599 177 4657 7346 6589 960 7617 5446 3527 8648 1362 8669 7141 4839 6507 9707 6384 8055 1912
123 1411 5256 1296 6432 6693 294 8485 8490 8492 9388 6318 816 948 3509 9528 58 8262 4679 5588 2267 3679 3297 9701 8435 9077 2295 2938 4347 3582
124 515 6532 9737 9225 5644 5653 1050 5151 3106 3364 305 2238 9665 8900 71 5832 4042 1615 1744 2259 7253 982 6238 9718 8312 9977 890 4348
125 8448 4226 2947 6792 4883 1686 6946 3623 2986 9773 8499 2740 4666 9789 189 6207 5312 460 8141 3030 1368 5593 3804 224 1896 7786 8557 2418 8698 6140
126 5249 8201 8457 6032 9106 5025 2085 5414 8883 6712 2874 7613 575 3141 9285 713 1738 1363 9172 1876 2519 9434 9949 222 9829 2280 5096 8169 8300
127 4614 1419 7056 659 4884 3481 6831 3249 8626 7606 4155 5307 4290 1346 6852 1352 7880 7634 1875 5460 8026 5346 103 3436 3573 9851 6013
128 392 5898 2322 4252 681 9901 1710 7729 9012 9656 4024 3130 9023 6720 7112 3020 4557 6223 466 5842 2140 2013 7520 2659 8810 8686 2162 4469 7805
129 7040 7820 3340 2708 7446 7322 1437 9631 5031 1064 8620 1071 1979 6735 464 979 3667 6357 3674 5852 8414 7521 482 5606 9195 5612 3055 2038
130 1153 6534 8199 8587 7325 4897 932 6438 9129 6570 6699 7723 1324 8238 1204 3895 2616 2745 1215 2939 4183 2785 9969 6263 2680 5497 4603 3710
131 9218 3727 5907 6547 664 3103 2729 682 6572 5420 1330 9396 3638 9273 2623 5313 327 1102 4698 6107 4574 4062 5735 3956 5751 1272 2425 5498 4477
132 9351 2056 9994 7690 4492 5389 7439 2838 3607 1945 1178 3483 1051 542 8741 3110 8744 6954 4399 9523 8246 6472 3529 77 3677 7012 3819 1649 8954
133 3714 8454 3849 7696 9363 5150 159 543 3366 1193 7082 3369 9643 7086 2357 1848 8249 701 7109 4807 1353 1617 8277 7384 2277 9710 5106 5622 6911
134 773 409 1826 8614 5671 3368 9265 823 831 5824 8769 1218 3268 9797 6854 1099 1743 8662 4954 5724 6244 8678 361 1136 881 7413 2299 894
135 3592 6795 910 7311 8718 5244 1942 1453 5685 2494 6976 8012 9036 211 5091 5990 8808 4202 3690 2925 1520 2289 7409 7795 5108 4208 2551 892
136 5376 5255 6282 7831 7319 2457 9370 2072 9754 5019 7721 9649 1595 7869 9405 3264 4161 9664 1092 456 3788 3406 7674 2271 6118 8043 3574 3575 2810
137 3584 4359 3975 5385 2191 6805 4378 1693 4387 9001 4651 3128 2104 8891 2493 4288 7361 5835 4560 1117 2401 1767 104 4458 2155 9201 2808 4857 3963
138 1281 6027 9486 5263 6929 4115 4500 4758 9343 6953 3632 59 2109 1342 4928 3393 4675 585 8661 9699 9704 8168 7147 8434 6900 7029 8313 2431
139 9987 4999 8972 4633 2715 158 1439 1698 4900 4645 9253 6055 3371 8877 8496 2621 586 4556 975 3548 8924 6878 7902 3809 2917 9446 8559 1398 9591
140 9984 7044 6026 3222 1946 3357 5663 2207 2466 7462 6442 6315 4144 4797 5703 7368 2897 3797 7389 4069 3302 3688 2667 6766 1262 3440 5231 4987 4734
141 1408 5122 776 6155 2839 8730 4765 8734 9127 8487 5166 3890 5429 4920 5178 7867 8009 2762 7758 5974 5975 2137 731 2272 737 5225 9712 888 4729
142 8708 1285 6281 3596 6035 7583 2341 3502 4662 6454 5432 2361 6075 8254 841 9035 2642 4692 6485 9045 4825 1246 7782 7527 3561 110 3696 6898 2169
143 5504 4227 1160 649 8077 1306 7334 4020 3126 441 1091 5700 3140 4428 4177 6355 4182 4058 740 8932 7145 2026 4204 6765 6770 6777 6653
144 2562 3842 1925 394 139 3469 1939 8613 1582 8630 6204 9916 8259 9540 2760 4424 2504 6606 6864 3283 5587 5719 4568 8044 6508 6383 8437 3580 1789
145 7684 4485 8840 6280 8335 9747 2590 3107 683 7090 1977 1084 7742 9022 8896 3138 8646 8521 3540 3930 1892 5989 5353 7277 8942 5620 6005 8309 5115
146 4998 3084 7949 3470 2576 6167 4761 7202 7974 9640 9000 8618 6079 3530 6860 3790 3022 3155 3027 6999 6234 1634 1125 235 2797 2030 1902 8947
147 5383 2954 6284 9485 2960 4636 8749 306 9142 9534 190 5571 5064 3400 2385 8787 4948 1498 5347 6883 233 2799 3569 3698 9330 9205 6010 7932 767
148 1410 1284 9353 8078 5519 9621 9503 9504 7718 6825 7980 5548 5934 2224 3893 7990 834 578 4943 3025 3666 3176 1643 1904 4720 6769 2423 1656 7163
149 5893 2707 7059 6041 8858 25 9767 2730 4784 8752 1201 1845 7743 64 5951 7235 8387 6222 4434 851 1760 8292 7021 4463 625 7026 245 4091 1663
150 6401 1538 3348 9750 799 8480 2850 5801 9517 7726 4656 9913 3643 4156 5315 1863 1994 6477 5838 5329 8156 8544 1507 8805 7271 4846 3313 3578
151 5507 7046 6151 401 6290 7832 8732 3873 6193 8383 8775 1096 9544 843 9932 2893 978 2644 7898 4443 9819 4315 354 4200 1772 3310 2801
152 9601 1795 1803 278 6422 7451 9120 6568 7467 6828 7476 6584 6971 3008 3656 345 2012 223 3939 3555 7016 1000 9064 6512 6897 4721 6774 7291 2428
153 512 1166 3216 6161 1555 3350 6937 7834 413 3745 6052 3370 5682 1846 2743 1350 5966 4176 82 469 1626 5468 1245 7134 8802 2276 6255 2929
154 8838 2697 5393 150 6168 1177 3356 3742 8095 7327 2339 3491 9123 5805 1454 3761 182 1464 7624 1483 8411 4575 9445 5230 6259 7671 6651 2556
155 7425 2572 1036 7821 916 5245 9881 2974 7454 7200 1579 7341 3762 7733 4923 200 2123 3832 4309 8025 1016 6749 7267 5864 7659 2032 9720 1917
156 4615 4104 8585 2827 2828 5399 5788 284 7076 5028 9896 4523 4149 8513 4547 3018 8909 2386 9815 1499 349 4834 7013 3558 5608 8299 7025 6643 7035 1790
157 8578 9859 133 6919 6923 9740 4119 6555 9499 4905 564 4278 9272 6842 3772 4933 3910 202 7246 4687 1360 9679 7003 226 2798 6006 1148 6910
158 1024 5889 3461 2189 2586 3872 3617 7973 3622 5541 6698 7596 7855 5296 1328 3508 7350 5814 9658 9793 1985 5194 3537 3669 6121 5098 4973 8566 4222
159 6144 2434 7172 7045 8710 1415 777 651 9358 7058 2451 5654 4376 8865 2216 4529 3515 6218 6346 9562 3419 9180 3040 608 6258 8307 4342 127
160 3077 9862 390 6920 8842 2063 2321 2194 151 6296 537 2592 3619 7459 9764 9508 2346 8628 9013 5051 9304 9570 6884 8548 4710 8170 2671 3831
161 4480 2817 7434 7691 9611 5517 5520 913 7315 1567 7328 7204 1584 1585 5300 3766 6711 446 6850 5063 4167 2505 8394 587 4817 2274 1638 5996 7675
162 5124 6025 7562 7563 1293 3471 2961 1813 9501 4129 4513 1317 9766 1191 4140 4012 4279 3389 1357 8782 4946 5717 91 7789 3182 1267 4598 9982
163 5892 6410 6411 6797 8846 2582 3995 2463 9632 3359 1704 8491 9007 6322 436 2869 3255 2107 5821 1469 574 5839 1872 6737 1882 2908 7797 4732 3709 3070
164 5380 4871 7945 3852 6029 2579 9246 3618 7850 5810 4025 8894 3648 9795 7107 6729 9421 5582 1999 5335 6873 5082 6748 7531 7404 9323 6129 8178
165 4110 6682 2599 1966 4273 7858 4918 4790 3641 2873 3131 5564 583 8780 1359 7375 3922 8916 9689 8921 5598 4962 5219 1253 4584 7913 3048 4856 2172
166 9347 5518 7054 6675 8214 535 7072 8864 6434 8227 4005 6188 7982 7094 2488 2750 577 981 5851 9692 7269 9958 9836 2031 9329 8690 3192 6396 7167
167 9985 3 7812 1543 3088 416 674 4515 3492 1575 5819 5180 6846 8398 977 8786 2515 855 8279 2904 8410 5722 6493 6111 7522 4586 4971 6768
168 3845 3597 276 8728 6042 1568 545 6691 5033 7594 4779 7598 3763 8764 2878 5184 8389 9160 9681 5841 6235 5729 8823 4201 1133 7793 887 1404
169 775 5516 3981 1679 9756 2847 6058 8878 4150 8388 7110 7114 6479 5204 9046 3416 2776 4571 6365 1123 1379 7653 9578 3691 9580 9973 3318 8828
170 6786 1550 2449 5397 8343 8729 6302 1573 9770 432 8381 7485 6719 4802 963 5957 326 5833 9931 2892 1874 5334 9183 868 8424 4840 1524 6650 383
171 5632 2948 4486 6028 2198 9751 1565 8610 7715 3875 9645 6705 8627 5044 57 1859 1735 2898 3798 8155 9694 8934 4838 9319 3687 621 6385 6909
172 5248 7177 526 668 670 7966 7842 7588 7854 4151 7360 584 2121 9170 9171 4820 1238 6233 4569 5472 4064 3327 2541 6644 4086 7031 3708 9213 4351
173 1413 527 1808 8340 1429 9623 5017 5277 4001 3109 8101 7847 4401 6199 4545 6595 3011 3782 8778 1616 4695 5348 8816 1523 7923 9207 4472 2814
174 8084 6550 5927 8488 5547 4268 1199 6068 3254 440 1080 2236 8508 8767 1088 2498 9413 1221 2374 9038 7893 9441 3174 3944 8047 1521 3444 8181 5881 7549
175 2305 2179 6789 6790 4487 5640 5269 5014 3226 3235 8100 5175 4408 2231 8527 6992 1488 9301 2647 2408 7401 6122 3052 7537 6903 7288 4858 639
176 2441 2443 6289 7442 2325 8982 3223 9625 3227 6433 42 944 8625 3378 4405 1594 7105 2500 7881 3665 92 3037 6622 6752 4712 7536 4088 6269 7166
177 7444 4503 2458 1307 1823 2465 6945 675 421 7336 7725 818 52 1717 695 2875 1851 6212 2133 8413 2912 8547 2403 492 4590 9204 3452 638
178 4608 7297 1282 8068 1802 9252 6823 40 5800 2860 1842 9907 6593 1605 3403 8396 4429 9168 597 8536 7001 7262 360 872 4075 1911 6009 635 8572
179 9344 4994 7559 5004 5904 4117 1941 4249 8220 9597 5535 560 8756 1976 826 448 3275 6350 335 8149 3290 4446 6240 4450 2531 5358 8826 253 4606
180 2945 9482 784 4762 6172 8479 8356 4260 1318 5503 3888 4528 8899 9798 6990 8784 9428 2004 9049 1888 6499 7268 7909 8420 2662 7780 5992 3828 7161 7807
181 4738 779 7947 3724 9229 8080 8208 9107 9248 7969 1828 9771 430 1331 54 9143 8250 3387 9020 4421 5445 599 8280 4696 1118 6372 1905 1010 3826
182 3976 5771 5772 1553 5011 4120 5147 9376 5545 9653 2240 4676 81 4689 1620 9175 7769 5858 3810 3814 6761 1899 9068 365 8045 2164 7418 5372 8061 7422
183 5379 6275 7943 3081 4362 5899 4877 1680 8721 7712 4899 6821 7978 3757 2241 9159 8649 5706 1610 5586 4828 4318 8163 5987 6380 377 9979 7420 1918
184 3591 4621 9102 785 3609 8990 1950 5793 2470 3752 8107 7740 63 7747 7877 971 2765 847 4050 7123 6871 5341 3173 8296 4078 1007 2422 6265 3837
185 8960 5633 8711 4875 9490 7956 8092 3613 2591 1059 5543 175 48 3904 1728 3266 5326 2260 725 3158 7515 2654 735 3937 4578 8425 7922 4212 7285
186 3969 7173 5130 4237 6801 3603 6423 8985 923 4520 6314 8108 7724 697 8642 3917 5581 9043 6360 2015 8032 8034 6376 3177 4585 9583 9072 6642
187 5508 2187 1563 800 8226 8995 3115 6955 9727 1592 5048 5692 9277 192 195 2244 8392 1737 3286 5213 5727 2790 4456 8042 9462 7160 1018 8959
188 6787 5642 1035 909 9874 661 1302 283 8604 6047 9121 3234 4643 3237 6695 4028 2379 6220 207 4441 2523 4957 8286 5603 4333 2669 3441 5117
189 3201 8193 7557 2949 1807 8213 6807 27 289 6949 3749 2170 937 301 4526 437 9399 4541 4935 7884 4559 865 1254 2025 1258 8314 9467 2941
190 5506 4741 393 3337 3730 7836 4771 5413 9126 47 4400 6581 9014 6200 5945 4280 2625 1603 9031 1224 6109 9569 3938 6250 1135 5621 4087 5626 7935
191 899 3589 7814 2060 7569 5406 4255 2851 7335 1961 5930 7084 8378 1850 9153 4296 7370 2513 7382 471 470 355 1002 9962 494 1263 885 760 6143
192 520 9617 2080 8868 6692 9004 9918 2239 6341 5960 8653 1231 9936 7504 3925 8667 5723 7647 227 997 102 5862 9574 7661 9455 497 504 5247
193 8963 2956 7052 4368 1554 3858 29 7198 3116 3631 3122 3257 8379 9917 2365 78 7374 6094 9042 214 3033 5338 1886 4447 5985 6377 5878 510 5631
194 769 1157 8975 7186 3100 4768 4769 5937 2620 6461 9921 3394 6853 9414 4694 3164 996 4966 2919 4199 2663 7658 3437 2285 4594 1395 6391 3834 6011
195 2 2825 8971 9619 4631 280 6429 7584 1570 4519 5161 9386 8619 5426 2997 2624 5070 3408 4690 3417 5982 2275 5607 7915 3949 6125 8814 5242 3838
196 6528 648 8075 9100 9888 5669 7975 1197 6706 8892 9021 2626 2375 457 4175 1873 1361 2387 1105 6870 7775 225 5861 2410 1388 8944 3704 1277
197 5888 6914 7178 3225 8219 1186 174 8495 8242 4916 8885 8504 1467 8252 9150 2896 6228 87 3161 9435 5853 6368 2913 1763 9196 4082 7415 5625 7677
198 4352 6656 6533 8328 6536 4880 4499 9879 792 8473 7453 8224 2209 5281 1952 5038 4019 6836 2103 4164 3781 4549 3911 5704 5837 3411 6100 7897 4186 3305
199 8706 2699 9230 3094 7191 8471 9635 1574 9003 4277 3006 7106 6342 6215 966 9546 5962 1612 6226 3800 8664 1512 618 4334 9070 4719 3194 8316
200 6659 3336 1805 2578 9622 2200 9240 2459 31 9509 9258 1329 8754 3769 4285 2367 2112 4297 3664 3032 4189 95 994 3812 1383 1003 8427 111 1145
201 2307 8707 9091 4229 3720 268 9873 7317 406 1947 8098 6437 6067 3380 9654 4283 7234 6213 4553 2509 6611 5589 747 6637 9073 8946 9971 9336 9978
202 6402 2313 3349 6810 4893 3104 5920 934 1840 1072 434 5559 1209 6844 580 4939 1869 5846 9311 9061 620 4332 2542 5998 8684 7917 7925 6007
203 5121 7426 9232 7440 3731 9366 9884 4125 5670 1320 8360 298 1707 6835 8244 4533 8639 6463 848 2517 2144 4321 1891 6373 1265 761 2683 765 1279
204 902 4742 8470 4896 6822 6182 4397 4785 3899 9276 1094 7757 206 8788 2518 3547 3428 229 4198 4836 9189 4460 2545 5489 5619 8953 9466 4988 2687
205 4483 6661 4102 7443 2328 7452 2596 6445 1213 3262 9933 2126 6607 9805 7631 853 9943 1752 3159 8670 2018 3298 9828 7397 6375 234 7660 1141 3319 8185
206 9473 8974 1297 277 3990 8352 36 168 5806 6575 8368 7089 6716 5949 449 8770 6857 7122 7507 6229 7511 2521 7513 9051 6624 5481 6645 7416 4217 7164
207 4610 3846 266 7051 6671 1944 153 8474 2333 8093 5536 6202 8253 2879 3536 3153 9938 3542 2902 4442 7135 483 6253 6386 8565 6262 9598 7551
208 6146 5895 7307 1304 5789 4381 7585 6450 7862 1852 9790 9536 5697 68 9415 9163 6605 4047 3031 5080 4316 9439 5478 4841 4466 2165 8183 3706
209 6545 2841 5021 9130 6965 9274 7611 319 3269 4038 3663 9425 1489 4052 9177 6746 991 3169 7137 101 2022 5223 9582 7282 6004 9972 7540
210 8196 2569 6666 3215 911 3344 1048 4635 9636 954 1853 9927 9928 8136 7627 2507 9934 593 4945 3409 1748 1877 3171 9063 2158 502 8187 9599
211 3456 6019 9734 7047 9755 1821 1181 4383 6050 5285 939 6060 9919 9801 6483 7252 7126 8151 1878 3292 6370 5492 2805 2420 6523 8957 2430 3071
212 256 4355 6915 2574 16 4756 6169 6171 33 7457 2083 7333 2342 2606 9905 9267 6974 4162 1478 4683 6353 3423 1890 7652 4330 2412 1658 4349
213 5639 8073 4619 5003 3726 143 4623 3863 3744 7456 933 6950 2981 7730 438 8121 9017 4929 9283 7501 6619 2016 2787 8037 4457 6379 3951 115 8831
214 4484 2311 9096 3598 6798 528 4990 7579 3229 5919 1702 3751 6320 5302 5562 7994 5822 1093 8647 4300 2645 5732 7524 1770 4207 4980 7669 6780 3454
215 7685 2568 5387 3478 1303 2206 6563 1572 7337 1834 6321 5809 4534 7227 4029 3517 9920 5319 4827 9568 6753 1895 9703 1771 8050 9203 5365 6138 6908
216 5623 7175 905 8588 3239 8746 5297 6066 6323 3905 3913 8020 9813 4439 7930 4576 2273 5349 7400 3051 8939 3571 9716 6902 4983 6392 1146 2815
217 8969 2185 8204 2316 7950 6417 1810 9630 7083 6582 7478 7097 7612 6474 1356 589 2764 5970 3157 732 4960 8553 4331 1004 9838 8948 6905 7933 1662
218 3076 2824 4105 7184 7312 7829 2456 3997 8097 1827 9381 7468 6447 5815 183 2489 67 3398 3658 3150 5584 7249 9941 343 3549 2789 9584 5617 4863
219 388 6921 4497 8722 9878 9496 5657 9371 5407 6175 3365 2601 3754 813 3245 8111 6196 9408 3520 5448 1369 3038 1508 6892 8813 8310 8440 7421
220 6418 5401 6557 7206 9384 942 5294 5177 6081 8391 2249 2890 5963 1996 5707 9937 8918 1114 1883 6367 479 8164 1640 1769 7532 3309 4725 8054
221 2944 2051 8459 1931 3467 7438 8593 6680 2712 5784 152 2218 2092 5039 7215 4017 6324 9024 5827 6723 76 2769 5592 1113 4206 7539 7034 2301
222 519 660 9492 6676 7188 3482 7070 9759 6435 2484 1332 2877 5310 5067 5836 8015 5969 6225 8275 9433 2266 8283 1629 7519 4705 238 1910 5879
223 8961 2318 9746 7060 6808 2973 4130 7203 5286 5555 1470 964 1989 2634 3535 8144 2773 472 8796 7264 4453 6503 9452 237 4080 2930 631 9848
224 5762 260 4357 17 7062 2984 1708 4912 9139 4660 7605 5818 9915 7998 8638 9296 5461 1244 2653 8928 4452 4071 3946 7156 9589 758 124 6398
225 9602 6 3593 3595 6670 6424 9633 5284 8750 2607 6966 2998 2232 1089 9794 9026 8773 7116 9808 8147 5845 4313 6875 4713 5997 9332 2554 2174
226 641 8451 7303 9226 4751 275 3347 787 9626 7710 5803 5935 1207 7999 5057 838 6221 4814 6743 7516 9310 4583 7399 5486 9071 2928 3442 7287
227 7424 3715 400 2964 9493 5404 3999 4259 1443 4776 2609 1587 3773 1601 7236 4550 9678 3791 7508 598 9564 9185 9443 1128 744 1778 506 3707
228 131 8323 9605 4617 1165 3993 1309 798 9505 1700 2982 9009 5046 4792 7356 9419 6869 5206 3541 5977 8672 9314 6246 8041 1513 2033 1271 6264
229 7170 4995 8584 3465 8329 1163 6668 4106 8849 4625 2581 5528 3506 9010 7093 8119 6206 2503 8011 5068 9807 2258 9436 8540 2398 8945 118 1784 3066 6655
230 5382 5641 2186 3723 9870 5009 9111 411 5533 810 8236 1200 9393 5693 6592 4805 3274 6092 5709 7889 7778 4196 8038 7526 6505 9709 6510 1264 7806
231 7554 9612 6542 9108 286 547 7717 6184 3630 6197 2358 8889 7866 5055 9280 4931 3783 6345 8138 4554 6476 3531 2399 1376 5089 5730 9059 9453
232 5765 7815 652 13 6158 6927 4622 9876 7957 9494 6040 2073 6170 3871 2980 7731 8761 4289 3010 6724 3147 2380 8525 100 1130 5227 9457 9202 1275
233 1793 2435 8981 6549 3224 4764 3887 6959 7864 6968 4282 4287 1225 7377 9299 7509 7767 2138 4066 228 5609 5357 8697 5743 3823 3954 7283 4345 5119
234 7937 7811 1927 9212 6925 7450 2844 8481 3495 6311 9135 5172 3775 6526 1607 9800 73 7625 845 9294 8285 5343 2784 2148 2021 748 9596 9342
235 2698 8594 536 5799 9519 8497 1597 318 5441 1222 454 7240 2122 204 3149 7899 7900 1501 5981 2014 8927 5601 9188 8549 9705 7276 9714 5629
236 4356 774 4233 8851 21 6936 6553 1571 4392 936 299 1068 2627 3146 3276 3021 8789 4197 5352 6634 8046 4974 7024 8430 3702 1914 1147 6141
237 4224 130 5378 3590 5257 6794 9354 18 6291 5908 1561 2331 1948 2343 3247 1333 7873 3908 5572 712 4041 3019 972 9557 5718 1502 1121 2290
238 6156 4366 2959 2580 1044 9624 6300 7455 5409 7463 8233 2090 429 7983 6583 3513 1211 4418 2629 1491 4693 2135 7255 602 4090 9963 5995 5107 2298
239 9856 5768 9869 5778 5279 4385 8994 2212 5807 4031 8258 2759 2250 1614 2894 7251 3796 2006 600 2905 90 7140 9321 5485 9841 1906 6395 2684
240 1283 900 2054 3853 7695 5906 6162 9748 8230 5290 4141 5551 2738 6071 7737 9662 9792 1347 69 3282 3801 2660 8936 5480 2538 1005 7412 8951
241 4866 8837 1932 3855 530 658 9365 7576 2076 6301 9507 2855 4908 1586 5435 4796 7102 3139 5961 9178 8803 8682 8171 1774 1006 3186 7672 7036
242 2314 7951 2832 2971 7965 1580 1581 3382 3767 570 9788 7490 3271 5192 5449 8266 846 1235 4438 5463 5978 4958 7529 106 1389 1776 7538 3189 1273
243 6273 6149 2064 1683 8855 9629 8863 9892 9382 7719 169 2089 7219 6713 3388 6721 962 4552 7372 4564 5973 3418 3162 7774 8545 9698 3941 5103 8702
244 2696 523 9242 6556 5276 1194 5689 3390 8511 8008 6088 7883 2508 3539 8534 4311 3175 3304 8297 745 7934 9335 121 1019 3325 3966
245 2176 8712 9627 6431 8361 300 4911 5944 3512 1982 7359 1473 7237 1223 1611 4944 5714 4063 3168 4065 7656 1901 3950 878 5105 372 7796
246 5764 6154 2326 6934 8348 927 6948 9765 9387 9005 2349 8753 2747 9279 3272 1740 5331 468 1751 5465 8794 3932 8284 9950 4968 4842 509
247 2694 904 6538 6412 399 8850 4504 2587 3867 5791 5808 4402 7736 1465 7226 956 2496 3401 2510 7633 4305 5078 3287 7004 1506 5360 501 9854
248 5891 387 5515 3086 7570 1171 1172 6294 5910 4377 6559 3626 4022 56 5322 5450 6602 1739 7762 3929 7261 3301 2661 7662 3825 2166 5882 2940 2429
249 3588 2821 5638 6665 4363 9620 2461 9887 8099 9763 9268 5563 321 1741 3280 6868 4310 6361 5466 477 8287 7910 1001 3435 875 623 6648 1531 5757
250 901 3335 9488 6288 1042 44 7355 8124 1085 9286 6471 4039 4682 203 3404 4685 974 9810 4451 873 7530 5613 9965 4210 7162 3579 9469
251 8194 3205 8592 4753 8597 9243 5659 1822 6943 5282 806 9256 7085 1841 179 2613 4032 2119 2889 9165 3405 461 8014 6114 9706 5235 4854 7294
252 3971 6024 3209 5135 4258 6562 3620 6308 8486 8359 2858 946 1849 5054 7231 9539 5324 6095 2131 8663 7000 2393 1371 5218 7914 2154 6511 4850 246
253 3072 7948 1677 6416 7441 272 1811 7701 3865 410 8602 8346 3231 3499 5943 5437 3392 8768 453 1745 2257 726 1239 5208 8801 8563 5887
254 1796 7432 8590 2958 4495 2195 7192 2075 5023 5163 8363 6451 6326 6457 5061 9167 3289 7514 2010 2011 2528 5476 8680 1514 7148 9585 8439 4475
255 7428 3464 7698 8341 9239 1819 2720 3363 7977 7597 1327 9137 6194 5561 8126 6977 8517 7878 5069 2768 3410 1749 8159 3179 2926 8305 9717 5110 4093
256 2050 6274 2951 1428 5141 4508 801 4386 3113 6317 4148 8122 7996 3646 7871 2371 5458 8533 6230 6489 7388 350 4322 5097 9708 8558 4221 5885
257 7427 8968 1423 9231 8977 3092 791 2970 3746 7210 3628 5677 6574 5423 9146 6332 2111 6978 459 8785 861 9312 3936 5986 5099 5869 2548 2296
258 2184 3213 6285 2713 4763 8988 2719 8738 163 4263 4650 9902 6960 3125 3510 7352 2237 4804 4165 4298 3534 727 4059 9948 2911 1762 3303 1525 7295
259 3716 4874 5777 9235 1814 1694 3614 9122 9506 422 1705 431 3505 8113 4147 4021 8374 7099 2492 7626 6987 9176 4326 1642 3443 6390 8696
260 7683 3984 9489 9877 4374 8996 2726 1960 8874 2093 5681 1074 7997 4932 3028 7648 5475 9190 6760 1385 746 9577 4972 7150 4462 1009 8433 2550
261 7041 7553 3460 2439 2061 8081 918 2462 160 3880 4669 6082 4168 201 9930 7498 8652 4303 80 9553 4823 2141 8542 869 2288 3185 4852 6520
262 9216 3200 6016 3211 654 7694 783 1940 5530 1312 9378 8743 6833 5430 3007 3532 716 7118 6991 7502 6994 216 1754 867 3050 5748 1653 3446 2427
263 4096 9088 8195 4743 138 6036 5539 1451 8116 7732 1214 5696 1474 4037 4040 4174 6998 8408 986 3035 7644 7394 2147 2795 2670 752 1657 8059
264 3206 2695 5010 4243 23 2840 5144 3738 8616 1965 9134 7857 2099 5431 4542 1600 2761 8777 7886 3919 8278 3165 8415 4194 4072 6120 751 1781 1022
265 3208 3728 9249 418 9379 6187 7853 3634 5939 1588 4154 8123 1723 3005 5569 5953 9543 5575 4301 5456 4950 4822 9955 9959 2411 7405 9075 9723
266 7936 2057 906 3721 5134 4496 8466 4632 4902 1577 8489 2347 3758 4783 8376 185 9675 1240 1503 3680 2788 1261 9713 114 244 5111 9593
267 129 9609 7564 653 7190 9886 6942 1953 2297 4134 38 5164 4913 178 2228 2868 1972 7480 5434 444 6464 1746 8018 2388 4565 5591 6232 6617 8057
268 8065 9988 10 3354 1692 9124 1446 8237 46 5688 4924 9533 6985 969 5580 4941 1367 3034 4955 7772 3933 9954 7014 5095 8552 3181 5874 8438
269 2826 1291 4132 6444 9261 1336 6459 4292 8772 196 9032 4810 8272 5202 8791 7385 2265 2651 8028 5865 9834 1132 6764 6001 1787 4605 1150 3967
270 1280 3329 6531 1924 8467 8727 663 2588 3496 2472 4142 2095 6456 3770 8510 3651 9412 9542 8912 8529 4181 9429 4184 6881 231 1386 6639 5114 5884
271 9093 9349 9357 8976 1425 5780 3861 1174 7707 7201 7713 9647 2485 6331 2749 4159 2632 8016 9556 1109 9173 9303 8027 8162 1636 2279 8302 3961
272 9989 1158 8839 3343 8475 5278 5411 5291 2737 949 186 579 6596 968 2378 8402 8531 5467 5725 1758 9953 5474 484 3568 4464 7410 5886 8319
273 8325 4624 1169 7964 9885 802 7466 4013 7087 3123 310 9912 7228 3789 3151 7247 5330 467 3671 89 218 8539 1756 7265 9826 9186 5988 6387
274 8705 907 142 9616 3218 20 1430 8601 2078 4895 6817 9514 8747 3253 9530 703 4546 9039 6354 596 6237 9442 2672 4220 503 7417 5627 252 2813
275 5760 645 9606 6287 7314 2835 6932 5015 6683 5915 924 6815 4002 3493 7088 191 6981 9671 3029 5596 7907 5867 3697 4340 1529 9339 5500 7293
276 1536 385 8962 8205 7699 9880 9882 796 6046 1958 1452 2221 4269 4655 5301 4406 1978 3774 6087 840 3402 5854 2020 8298 3692 8173 2417 6014
277 1155 8709 3859 7959 1175 8984 3994 7837 8605 2088 8366 3507 2872 8251 193 965 8268 8281 1755 3036 358 4969 9067 8685 7663 4977 1779 2047
278 9749 4251 8733 673 9391 1459 2611 5557 5045 8758 4664 6840 1079 7486 1861 5062 2887 9289 8524 1623 2649 6119 6506 879 4975 1392 7920 764
279 3970 4228 8580 5125 5773 8338 1438 4644 1189 6313 6701 4274 7479 1081 1598 6979 1731 2812 2252 4173 8143 1747 4567 5336 1641 362 4844 7676
280 8449 2690 5369 1038 1812 921 6298 7709 5169 9906 2994 9910 3000 8017 6738 6113 3041 8419 2278 8551 8049 2546 8819 2292 3958 632 8569 7679
281 2561 4098 1540 8462 279 1176 3737 6426 7324 540 4126 2725 2727 3882 940 4146 1971 7092 1589 7734 6717 1343 9418 8922 883 1140 9850 507
282 6917 7823 8464 3355 4253 8736 419 4004 7844 7464 1455 7216 435 3379 1460 3897 4808 6478 5332 6496 2657 5602 8681 5100 4077 3822 8820 2804 7803
283 4365 6926 8978 1173 6938 417 9637 3624 9385 4398 3376 3377 4786 3764 6708 6325 8248 7487 2370 7364 4938 4314 3439 753 4722 2676 6012 126
284 5635 8835 3342 2319 1426 920 666 6814 5026 1066 9260 2483 9524 572 6983 9672 458 6993 6867 1495 3803 7260 6504 2924 9327 3703 2041 9468
285 1412 7301 7430 6539 7568 8468 9367 8215 6552 9753 667 7716 9899 9132 3511 5816 5056 5191 7496 6097 1237 7128 4193 4461 5870 4599 9083
286 6400 640 2575 8337 1311 1838 9777 7159 9398 6327 9786 9019 9926 9033 6093 5840 5201 7761 7768 5976 5214 2783 742 3815 2803 759 9853 9983
287 2304 516 3857 7700 534 6688 32 5823 3267 8519 6603 2382 1871 4818 7891 4312 1241 6110 9438 8800 5217 3426 3565 4205 3695 5871 9206 6778
288 4739 3204 2052 2182 4358 6405 8332 6031 3217 6038 5661 8358 5672 1968 65 6722 7619 708 6086 1608 5583 7378 6231 7396 8422 1519 8176 8441 508
289 7043 2310 8339 5652 9237 4760 6813 1569 1699 4137 5802 5162 3884 3640 8771 7493 9162 4046 5471 351 3554 5224 8174 1647 7791 1907 1269 2043
290 9986 4997 9478 9864 5769 4872 274 5140 533 3736 3488 4649 6319 445 9281 4422 2120 8651 9426 7380 9560 4056 7655 7528 5232 1266 3064 4218 4859
291 4100 4108 1809 7828 7065 6809 9498 7329 7073 41 5174 3896 3391 5183 4293 2248 2127 3024 5076 6487 4953 9316 6757 3813 4073 9449 3818 7286 6142
292 9220 5512 9608 539 5917 931 3236 5412 8228 9897 428 7469 8240 2226 53 5433 700 1216 1864 2779 9052 6628 3559 105 2923 8301 6256 626
293 3840 9219 9477 8965 9227 2571 3982 4627 4885 9115 1052 2215 7212 3252 9525 827 9282 2630 4433 5720 3545 6874 9839 3056 9331 249 9082
294 9210 5511 4881 4626 5668 938 2602 2987 2610 8245 1726 3777 9925 6343 1227 2637 9169 2008 8666 9182 2534 232 4716 7534 495 5359 7670 4474
295 2188 3085 5650 3733 2718 4128 2042 2356 9529 6458 6076 6980 8134 3143 331 2125 3675 5085 2400 9315 3427 8291 7398 489 5999 5366 4473 7546 8443 3199
296 6407 1162 782 8082 7958 2205 2846 5408 2211 8997 5798 3241 3503 6580 8001 2757 5189 582 7882 7500 6988 1500 9573 8167 1260 6381 4728 8442 7548
297 4886 7704 7066 2843 8349 6180 4262 296 9642 5674 8881 7347 7481 5817 4416 6083 8908 844 4699 2395 610 8570 3315 8821 762 1021 2302 9215
298 6660 4869 6409 6669 4369 2836 2967 2969 2842 8096 7078 1830 7720 166 6839 452 4934 1232 5081 3291 606 607 7904 8421 1510 6889 2173 2558
299 9993 2955 1935 8209 2323 405 7326 9377 6820 5158 9516 5165 2478 2993 3639 568 7865 8890 3645 705 9668 6486 985 2281 6890 9456 2674 4981 2936
300 1933 5264 789 8088 4647 935 7465 4394 426 1964 4775 7722 5306 7995 7482 6462 4927 6736 2270 3551 6754 866 7149 4465 8562 379 9463 5755
301 8064 2178 3458 4740 4236 6415 7952 6427 2595 2852 3747 7595 4524 3375 696 7993 4152 6845 7357 7104 8130 3538 8795 9567 7139 2544 2547 2557
302 3332 2829 1934 4111 2583 5148 6684 8477 5918 6059 6453 5305 1472 5570 7618 8140 9551 5457 723 8790 4188 7011 5483 4843 4591 1775 886 6775 5630
303 261 3594 2705 788 5538 297 9131 2992 7856 8631 5304 4160 6594 9155 6858 722 2003 6099 3543 7263 3557 4709 615 486 2540 6896 1012 7030 9085
304 7181 5006 4878 1301 1816 8986 3743 7841 8998 1198 814 7987 1463 3256 6841 5179 2364 9799 8274 3795 339 7773 3170 4195 4580 2153 6509 370 7411
305 1668 3847 5643 656 6546 148 4246 3864 291 2724 2985 2741 8632 7353 6590 9663 6208 322 2118 3145 3659 4055 3429 1765 8679 9322 8311 8955 8060
306 3841 5241 4868 5637 2570 6160 8856 7979 4919 824 8505 1210 833 6466 6726 2247 2639 2514 7381 8030 993 98 3684 2800 4592 7154 9849 1405
307 6152 8203 146 1299 282 6176 2857 8876 941 2605 9144 961 1220 7750 4680 1993 1358 9424 3154 4053 7646 7518 3046 5740 4092 7284 9340 893
308 9600 5890 1156 2438 1929 6667 9241 2202 4510 4006 5928 8617 2988 558 4527 9011 7604 4799 6465 3907 2628 8650 1866 342 8294 2794 8564 8180 9470
309 6018 6918 6664 402 2452 149 4118 7705 1310 4384 8615 3244 7470 4788 6598 2254 4816 5972 3927 8152 6362 5979 3550 5221 4454 3955 9844 4726 9079
310 8076 8347 8987 671 5664 1062 809 8114 1075 1471 1856 323 3525 2506 8526 4178 9940 6492 93 6494 5859 4325 2533 4203 2284 2416 629 757 1399
311 1548 6548 1046 6686 5921 1058 4648 171 5553 4661 1718 2105 9409 709 1477 3413 5721 2397 3422 9447 4459 7924 8053 373 4730 3195 1916 6525
312 770 647 4616 3848 8844 5116 5265 9112 3096 6558 4638 544 2336 5546 3629 5040 5049 1727 9545 6473 3412 2134 473 2910 5215 6641 5875 8444
313 3073 8207 4121 8609 7591 2732 562 7351 7225 1855 4672 8135 3912 2636 4431 336 1621 5083 1115 738 4965 9062 2149 7784 9833 8554 5618 1400
314 6785 8067 7944 1676 7822 3095 1315 5556 1078 9783 1338 6588 5698 9411 8397 8400 8658 7637 7895 983 2656 1632 2664 4970 9451 2037 8695 9595
315 8321 395 9101 7182 5267 3093 3480 9760 3360 9891 551 9641 5758 2731 6714 6090 8913 2643 9431 6248 363 627 2677 1142 7926 2937 3197 1406
316 1544 6930 5272 5274 3098 2972 4512 3238 5929 4906 6062 5424 693 8013 3451 6740 5077 8407 9048 1119 7905 9827 3172 1131 7919 5750 1017 3323 4223
317 2560 2053 5766 398 9872 5916 5534 8353 1954 9006 7343 49 945 3637 5560 699 7620 7492 6116 5734 6247 8935 5356 7155 9974 3191 9725 6527
318 391 5386 8717 3087 4113 7057 5396 6053 812 685 4910 6190 1070 3120 9908 9270 188 6334 1854 3776 2114 4832 6625 614 9590 9464 123 7550
319 3586 4231 2823 3463 3339 8843 1551 6419 7830 4889 9634 677 2219 4782 5946 62 7874 6467 8002 837 6469 839 9298 5211 2396 5994 6388 1652 5374
320 4481 4867 646 9479 2312 3083 5392 6295 4247 6811 7838 6048 4135 8104 8751 5552 9136 6972 2891 850 2650 6364 4191 3935 1249 5857 6887 3943
321 7042 3334 4748 1420 5405 3232 7587 5416 6185 7600 5554 4681 8906 9674 7629 4437 3415 2264 1753 8290 8293 5605 9840 4211 7800 3067 766 9087
322 5252 9223 1800 5005 5774 6672 5648 917 3734 7064 408 1183 2722 9648 4915 5691 5820 7744 8131 3787 4427 980 2005 7523 7270 6638 3445 8824 4989
323 8964 4745 140 6799 7954 8595 6420 157 1701 4774 5676 9900 8239 4538 9666 6339 7621 8774 4812 9164 4054 4057 1250 739 2916 8689 4853
324 2564 1669 6793 137 7049 2577 8596 9752 4892 6689 34 6054 555 2094 6834 7494 455 3144 3786 1228 2256 9811 2903 2652 2781 4711 8182 4350
325 3459 6537 5132 8720 1043 7316 3233 1697 35 6310 1322 8367 8882 9669 1364 9684 215 9691 2909 3683 4067 1509 3431 4328 4081 4979 1015 3964
326 1920 6283 524 9099 8336 1427 1815 9375 8225 6830 9264 50 2744 9402 3902 6601 6862 8799 352 97 3682 3942 998 2920 1257 3564 1777 498 2294
327 3585 5384 9481 7435 7183 912 1682 6803 7846 9638 4917 1975 7224 4921 9531 5182 4030 3263 5442 836 6104 601 475 9437 8811 5228 5746 8568
328 2309 9098 5133 1681 915 5779 5911 7449 3753 7339 2480 2353 4407 704 4811 5200 2771 3931 347 9957 4582 5350 8556 6126 8315 4860 1661
329 1537 9097 9995 9742 9497 2329 8860 6826 1835 2102 6586 4930 4674 7876 9154 4169 7369 6347 1619 1108 1628 7517 8804 488 5226 8436 4855 5496
330 1417 2059 1432 3870 4770 9894 3498 2604 8500 7222 1721 7868 1725 5565 7616 9284 6856 9676 6733 209 465 9309 3553 5484 7790 8560 1780
331 1154 2691 265 1530 3991 6551 5271 6045 9893 2735 4016 3250 9535 4803 1879 1372 7391 5728 2143 3556 3711 7667 1402 9211 1020 5118 4607
332 7681 7939 404 6804 8216 8090 3740 7840 5159 5931 3760 4663 4409 4665 315 2113 706 2383 337 8406 2391 9187 871 1255 6640 7281 8052 2811
333 521 8458 9866 5525 7061 6165 2203 8861 1056 5155 7602 2230 7609 317 3518 9929 1482 8911 6480 8919 984 5595 6491 5731 4084 6008 505 8703
334 643 4238 6286 5137 28 4127 2983 6192 1970 7348 8375 1466 3521 9538 6211 8133 1736 2251 7376 1233 5333 2269 7266 6630 3694 7023 5747 4339 7801
335 1287 7176 7561 4618 273 8724 9119 803 6819 4270 4532 694 698 7623 5579 83 3924 6236 478 8798 357 5477 359 2023 1259 7153 2291 3572
336 258 9991 1039 7189 2965 30 4521 1962 6703 9775 311 828 2110 1345 6996 4821 7127 2394 4701 5087 736 8677 5354 9197 9069 7280 2421
337 7168 9089 5897 2963 5529 9757 6181 2728 556 1714 1344 325 6101 4952 6621 863 1893 6886 7272 8938 6891 1390 1137 2802 2167 5624 122 8700
338 2432 9610 1037 5262 8848 5268 1562 8859 7582 2468 4264 3373 7217 6069 2366 7491 9924 198 852 8929 2786 3940 1637 6378 8177 6522 8827
339 3713 9858 2181 9865 8714 9228 5782 8599 6935 9117 541 7586 8105 2989 9537 3524 3526 1485 9432 7257 9945 5980 4956 1384 367 3959 7928 2681
340 7682 8836 8198 6796 1576 3242 9138 7735 6970 7483 6338 5066 9806 2511 8405 860 5212 9566 7393 4833 6763 5872 3059 1908 4727 1403 8317
341 9990 397 9487 1936 3611 8222 2464 6560 6567 7081 3501 7471 6961 5813 707 3533 5585 7640 5849 3294 4959 8031 2918 3686 7921 2931 6389 4861
342 128 8577 5008 5400 9628 6173 9502 9890 7970 7474 947 6967 8509 1987 4036 7366 9804 8289 995 7142 7912 3948 9586 4085 6519 1274 254 8575
343 5377 2436 7687 3605 5013 662 3608 1305 287 2471 4777 8879 9016 5439 3779 6600 4425 4299 5843 729 2778 7144 7406 9328 5104 8048 636
344 1286 1422 5390 5776 3219 2068 1184 5537 4901 7213 5427 5428 7349 7741 4157 3785 4688 7259 348 5086 7395 1764 1382 1645 622 3567 6131 7165
345 7808 6272 5 1416 144 9234 8853 8087 3615 3889 690 6329 1349 2633 8267 9037 205 8528 8403 2520 857 8923 5470 9952 6382 7278 4337 2807
346 1295 1557 6940 925 5666 7845 6578 8498 4403 9911 4026 3396 332 8269 4942 1618 7125 8793 346 3163 604 8930 5093 3685 5361 2933 5370 3326
347 2950 3462 5259 3599 9103 2837 6425 5914 4890 2340 1703 2100 1720 9667 5829 2646 1110 8409 3802 7258 9307 7901 5469 4703 2024 3563 2668 6127
348 8066 3203 4996 3977 3214 5145 1190 9895 1069 4525 559 5686 9660 2622 6847 2752 1984 8260 7241 9293 8660 212 7256 8538 6242 1122 612 4714 4596 8949
349 1794 8447 6020 8453 2197 8350 4257 2082 8612 8871 5032 6441 8623 5042 3383 3001 7230 194 2243 5574 3655 4936 4815 6612 5363 248 6652 255
350 9603 7433 5007 1424 5157 8621 9521 2746 5052 4801 5447 6989 4045 5453 5203 2132 5462 8535 5464 4319 611 8035 1127 8815 2293 7542 4600 6524
